[2025-11-13 04:19:12 UTC] [bootstrapper - refresh session] SQLSTATE[42S22]: Column not found: 1054 Unknown column 'bio' in 'field list' (Archivo: E:\xampp\htdocs\ProjectGenesis\config\bootstrapper.php, Línea: 128)
[2025-11-13 04:19:15 UTC] [bootstrapper - refresh session] SQLSTATE[42S22]: Column not found: 1054 Unknown column 'bio' in 'field list' (Archivo: E:\xampp\htdocs\ProjectGenesis\config\bootstrapper.php, Línea: 128)
[2025-11-13 04:19:41 UTC] [bootstrapper - refresh session] SQLSTATE[42S22]: Column not found: 1054 Unknown column 'bio' in 'field list' (Archivo: E:\xampp\htdocs\ProjectGenesis\config\bootstrapper.php, Línea: 128)
[2025-11-13 04:21:07 UTC] [bootstrapper - refresh session] SQLSTATE[42S22]: Column not found: 1054 Unknown column 'bio' in 'field list' (Archivo: E:\xampp\htdocs\ProjectGenesis\config\bootstrapper.php, Línea: 128)
[2025-11-13 05:18:22 UTC] [bootstrapper - refresh session] SQLSTATE[42S22]: Column not found: 1054 Unknown column 'bio' in 'field list' (Archivo: E:\xampp\htdocs\ProjectGenesis\config\bootstrapper.php, Línea: 128)
[2025-11-13 05:18:25 UTC] [bootstrapper - refresh session] SQLSTATE[42S22]: Column not found: 1054 Unknown column 'bio' in 'field list' (Archivo: E:\xampp\htdocs\ProjectGenesis\config\bootstrapper.php, Línea: 128)
[2025-11-13 05:18:34 UTC] [bootstrapper - refresh session] SQLSTATE[42S22]: Column not found: 1054 Unknown column 'bio' in 'field list' (Archivo: E:\xampp\htdocs\ProjectGenesis\config\bootstrapper.php, Línea: 128)
[2025-11-13 05:18:34 UTC] [bootstrapper - refresh session] SQLSTATE[42S22]: Column not found: 1054 Unknown column 'bio' in 'field list' (Archivo: E:\xampp\htdocs\ProjectGenesis\config\bootstrapper.php, Línea: 128)
[2025-11-13 05:19:52 UTC] [bootstrapper - refresh session] SQLSTATE[42S22]: Column not found: 1054 Unknown column 'bio' in 'field list' (Archivo: E:\xampp\htdocs\ProjectGenesis\config\bootstrapper.php, Línea: 128)
[2025-11-13 05:19:52 UTC] [bootstrapper - refresh session] SQLSTATE[42S22]: Column not found: 1054 Unknown column 'bio' in 'field list' (Archivo: E:\xampp\htdocs\ProjectGenesis\config\bootstrapper.php, Línea: 128)
[2025-11-13 05:21:20 UTC] [bootstrapper - refresh session] SQLSTATE[42S22]: Column not found: 1054 Unknown column 'bio' in 'field list' (Archivo: E:\xampp\htdocs\ProjectGenesis\config\bootstrapper.php, Línea: 128)
[2025-11-13 05:21:25 UTC] [router(getProfileData) - view-profile] SQLSTATE[42S22]: Column not found: 1054 Unknown column 'u.bio' in 'field list' (Archivo: E:\xampp\htdocs\ProjectGenesis\includes\data_fetchers\profile_data_fetcher.php, Línea: 39)
[2025-11-13 05:21:29 UTC] [bootstrapper - refresh session] SQLSTATE[42S22]: Column not found: 1054 Unknown column 'bio' in 'field list' (Archivo: E:\xampp\htdocs\ProjectGenesis\config\bootstrapper.php, Línea: 128)
[2025-11-13 05:21:30 UTC] [router(getProfileData) - view-profile] SQLSTATE[42S22]: Column not found: 1054 Unknown column 'u.bio' in 'field list' (Archivo: E:\xampp\htdocs\ProjectGenesis\includes\data_fetchers\profile_data_fetcher.php, Línea: 39)
[2025-11-13 05:21:40 UTC] [router(getProfileData) - view-profile] SQLSTATE[42S22]: Column not found: 1054 Unknown column 'u.bio' in 'field list' (Archivo: E:\xampp\htdocs\ProjectGenesis\includes\data_fetchers\profile_data_fetcher.php, Línea: 39)
[2025-11-13 05:25:21 UTC] [router(getProfileData) - view-profile] SQLSTATE[42S22]: Column not found: 1054 Unknown column 'p.employment' in 'field list' (Archivo: E:\xampp\htdocs\ProjectGenesis\includes\data_fetchers\profile_data_fetcher.php, Línea: 39)
[2025-11-13 05:25:23 UTC] [router(getProfileData) - view-profile] SQLSTATE[42S22]: Column not found: 1054 Unknown column 'p.employment' in 'field list' (Archivo: E:\xampp\htdocs\ProjectGenesis\includes\data_fetchers\profile_data_fetcher.php, Línea: 39)
[2025-11-13 05:25:23 UTC] [router(getProfileData) - view-profile] SQLSTATE[42S22]: Column not found: 1054 Unknown column 'p.employment' in 'field list' (Archivo: E:\xampp\htdocs\ProjectGenesis\includes\data_fetchers\profile_data_fetcher.php, Línea: 39)
[2025-11-13 05:25:35 UTC] [router(getProfileData) - view-profile] SQLSTATE[42S22]: Column not found: 1054 Unknown column 'p.employment' in 'field list' (Archivo: E:\xampp\htdocs\ProjectGenesis\includes\data_fetchers\profile_data_fetcher.php, Línea: 39)
[2025-11-13 05:26:11 UTC] [router(getProfileData) - view-profile] SQLSTATE[42S22]: Column not found: 1054 Unknown column 'p.employment' in 'field list' (Archivo: E:\xampp\htdocs\ProjectGenesis\includes\data_fetchers\profile_data_fetcher.php, Línea: 39)
[2025-11-13 05:26:17 UTC] [router(getProfileData) - view-profile] SQLSTATE[42S22]: Column not found: 1054 Unknown column 'p.employment' in 'field list' (Archivo: E:\xampp\htdocs\ProjectGenesis\includes\data_fetchers\profile_data_fetcher.php, Línea: 39)
[2025-11-13 16:07:56 UTC] [auth_handler - concurrent_users_check] No se pudo contactar al servidor de conteo en http://127.0.0.1:8766/count (Archivo: E:\xampp\htdocs\ProjectGenesis\api\auth_handler.php, Línea: 498)
[2025-11-13 16:07:56 UTC] [auth_handler - concurrent_users_check] js.api.errorServer (Archivo: E:\xampp\htdocs\ProjectGenesis\api\auth_handler.php, Línea: 499)
