
[03-Nov-2025 23:18:52 UTC] PHP Warning:  file_get_contents(http://127.0.0.1:8766/count): Failed to open stream: Se produjo un error durante el intento de conexión ya que la parte conectada no respondió adecuadamente tras un periodo de tiempo, o bien se produjo un error en la conexión establecida ya que el host conectado no ha podido responder in E:\xampp\htdocs\ProjectGenesis\api\auth_handler.php on line 529
[03-Nov-2025 23:21:29 UTC] PHP Warning:  file_get_contents(http://127.0.0.1:8766/count): Failed to open stream: Se produjo un error durante el intento de conexión ya que la parte conectada no respondió adecuadamente tras un periodo de tiempo, o bien se produjo un error en la conexión establecida ya que el host conectado no ha podido responder in E:\xampp\htdocs\ProjectGenesis\api\auth_handler.php on line 529
[03-Nov-2025 23:22:03 UTC] PHP Warning:  file_get_contents(http://127.0.0.1:8766/count): Failed to open stream: Se produjo un error durante el intento de conexión ya que la parte conectada no respondió adecuadamente tras un periodo de tiempo, o bien se produjo un error en la conexión establecida ya que el host conectado no ha podido responder in E:\xampp\htdocs\ProjectGenesis\api\auth_handler.php on line 529
[04-Nov-2025 16:50:09 UTC] PHP Warning:  file_get_contents(http://127.0.0.1:8766/count): Failed to open stream: Se produjo un error durante el intento de conexión ya que la parte conectada no respondió adecuadamente tras un periodo de tiempo, o bien se produjo un error en la conexión establecida ya que el host conectado no ha podido responder in E:\xampp\htdocs\ProjectGenesis\api\auth_handler.php on line 536
[04-Nov-2025 19:07:00 UTC] PHP Warning:  session_set_cookie_params(): Session cookie parameters cannot be changed when a session is active in E:\xampp\htdocs\ProjectGenesis\api\auth_handler.php on line 605
[04-Nov-2025 19:13:29 UTC] PHP Warning:  session_set_cookie_params(): Session cookie parameters cannot be changed when a session is active in E:\xampp\htdocs\ProjectGenesis\api\auth_handler.php on line 605
[04-Nov-2025 19:17:09 UTC] PHP Warning:  session_set_cookie_params(): Session cookie parameters cannot be changed when a session is active in E:\xampp\htdocs\ProjectGenesis\api\auth_handler.php on line 605
[04-Nov-2025 19:27:35 UTC] PHP Warning:  session_set_cookie_params(): Session cookie parameters cannot be changed when a session is active in E:\xampp\htdocs\ProjectGenesis\api\auth_handler.php on line 605
[04-Nov-2025 19:28:56 UTC] PHP Warning:  session_set_cookie_params(): Session cookie parameters cannot be changed when a session is active in E:\xampp\htdocs\ProjectGenesis\api\auth_handler.php on line 605
[04-Nov-2025 19:31:12 UTC] PHP Warning:  session_set_cookie_params(): Session cookie parameters cannot be changed when a session is active in E:\xampp\htdocs\ProjectGenesis\api\auth_handler.php on line 605
[04-Nov-2025 19:33:21 UTC] PHP Warning:  session_set_cookie_params(): Session cookie parameters cannot be changed when a session is active in E:\xampp\htdocs\ProjectGenesis\api\auth_handler.php on line 619
[04-Nov-2025 19:34:08 UTC] PHP Warning:  session_set_cookie_params(): Session cookie parameters cannot be changed when a session is active in E:\xampp\htdocs\ProjectGenesis\api\auth_handler.php on line 619
[04-Nov-2025 19:34:21 UTC] PHP Warning:  session_set_cookie_params(): Session cookie parameters cannot be changed when a session is active in E:\xampp\htdocs\ProjectGenesis\api\auth_handler.php on line 619
[04-Nov-2025 19:44:08 UTC] PHP Warning:  session_set_cookie_params(): Session cookie parameters cannot be changed when a session is active in E:\xampp\htdocs\ProjectGenesis\api\auth_handler.php on line 619
[04-Nov-2025 19:45:42 UTC] PHP Warning:  Undefined variable $buttonKey in E:\xampp\htdocs\ProjectGenesis\includes\sections\main\status-page.php on line 62
[04-Nov-2025 19:45:43 UTC] PHP Warning:  Undefined variable $buttonKey in E:\xampp\htdocs\ProjectGenesis\includes\sections\main\status-page.php on line 62
[04-Nov-2025 19:46:31 UTC] PHP Warning:  Undefined variable $buttonKey in E:\xampp\htdocs\ProjectGenesis\includes\sections\main\status-page.php on line 62
[04-Nov-2025 19:46:42 UTC] PHP Warning:  Undefined variable $buttonKey in E:\xampp\htdocs\ProjectGenesis\includes\sections\main\status-page.php on line 62
[04-Nov-2025 19:47:52 UTC] PHP Warning:  session_set_cookie_params(): Session cookie parameters cannot be changed when a session is active in E:\xampp\htdocs\ProjectGenesis\api\auth_handler.php on line 619
[04-Nov-2025 19:48:24 UTC] PHP Warning:  session_set_cookie_params(): Session cookie parameters cannot be changed when a session is active in E:\xampp\htdocs\ProjectGenesis\api\auth_handler.php on line 619
[04-Nov-2025 19:49:08 UTC] PHP Warning:  session_set_cookie_params(): Session cookie parameters cannot be changed when a session is active in E:\xampp\htdocs\ProjectGenesis\api\auth_handler.php on line 619
[05-Nov-2025 06:07:01 UTC] PHP Warning:  session_set_cookie_params(): Session cookie parameters cannot be changed when a session is active in E:\xampp\htdocs\ProjectGenesis\api\auth_handler.php on line 619
[05-Nov-2025 06:07:18 UTC] PHP Warning:  session_set_cookie_params(): Session cookie parameters cannot be changed when a session is active in E:\xampp\htdocs\ProjectGenesis\api\auth_handler.php on line 619
[05-Nov-2025 06:08:22 UTC] PHP Warning:  session_set_cookie_params(): Session cookie parameters cannot be changed when a session is active in E:\xampp\htdocs\ProjectGenesis\api\auth_handler.php on line 619
[05-Nov-2025 14:30:48 UTC] PHP Warning:  session_set_cookie_params(): Session cookie parameters cannot be changed when a session is active in E:\xampp\htdocs\ProjectGenesis\api\auth_handler.php on line 619
[07-Nov-2025 06:26:23 UTC] PHP Warning:  session_set_cookie_params(): Session cookie parameters cannot be changed when a session is active in E:\xampp\htdocs\ProjectGenesis\api\auth_handler.php on line 123
[07-Nov-2025 06:28:06 UTC] PHP Warning:  file_get_contents(http://127.0.0.1:8766/count): Failed to open stream: Se produjo un error durante el intento de conexión ya que la parte conectada no respondió adecuadamente tras un periodo de tiempo, o bien se produjo un error en la conexión establecida ya que el host conectado no ha podido responder in E:\xampp\htdocs\ProjectGenesis\api\auth_handler.php on line 560
[07-Nov-2025 06:28:23 UTC] PHP Warning:  file_get_contents(http://127.0.0.1:8766/count): Failed to open stream: Se produjo un error durante el intento de conexión ya que la parte conectada no respondió adecuadamente tras un periodo de tiempo, o bien se produjo un error en la conexión establecida ya que el host conectado no ha podido responder in E:\xampp\htdocs\ProjectGenesis\api\auth_handler.php on line 560
[07-Nov-2025 06:28:25 UTC] PHP Warning:  session_set_cookie_params(): Session cookie parameters cannot be changed when a session is active in E:\xampp\htdocs\ProjectGenesis\api\auth_handler.php on line 619
[07-Nov-2025 16:03:01 UTC] PHP Warning:  session_set_cookie_params(): Session cookie parameters cannot be changed when a session is active in E:\xampp\htdocs\ProjectGenesis\api\auth_handler.php on line 123
[07-Nov-2025 16:03:30 UTC] PHP Warning:  session_set_cookie_params(): Session cookie parameters cannot be changed when a session is active in E:\xampp\htdocs\ProjectGenesis\api\auth_handler.php on line 619
[07-Nov-2025 16:03:56 UTC] PHP Warning:  session_set_cookie_params(): Session cookie parameters cannot be changed when a session is active in E:\xampp\htdocs\ProjectGenesis\api\auth_handler.php on line 619
[07-Nov-2025 16:48:32 UTC] PHP Warning:  session_set_cookie_params(): Session cookie parameters cannot be changed when a session is active in E:\xampp\htdocs\ProjectGenesis\api\auth_handler.php on line 123
[07-Nov-2025 19:18:04 UTC] PHP Warning:  session_set_cookie_params(): Session cookie parameters cannot be changed when a session is active in E:\xampp\htdocs\ProjectGenesis\api\auth_handler.php on line 619
[07-Nov-2025 23:17:32 UTC] PHP Warning:  session_set_cookie_params(): Session cookie parameters cannot be changed when a session is active in E:\xampp\htdocs\ProjectGenesis\api\auth_handler.php on line 123
[07-Nov-2025 23:18:10 UTC] PHP Warning:  Undefined array key "id" in E:\xampp\htdocs\ProjectGenesis\includes\sections\main\home.php on line 291
[07-Nov-2025 23:25:49 UTC] PHP Warning:  Undefined array key "id" in E:\xampp\htdocs\ProjectGenesis\includes\sections\main\home.php on line 292
[07-Nov-2025 23:27:06 UTC] PHP Warning:  Undefined array key "id" in E:\xampp\htdocs\ProjectGenesis\includes\sections\main\home.php on line 292
[07-Nov-2025 23:27:06 UTC] PHP Warning:  Undefined array key "id" in E:\xampp\htdocs\ProjectGenesis\includes\sections\main\home.php on line 292
[08-Nov-2025 04:47:25 UTC] PHP Warning:  include(E:\xampp\htdocs\ProjectGenesis\includes/components/publication-card.php): Failed to open stream: No such file or directory in E:\xampp\htdocs\ProjectGenesis\includes\sections\main\home.php on line 242
[08-Nov-2025 04:47:25 UTC] PHP Warning:  include(): Failed opening 'E:\xampp\htdocs\ProjectGenesis\includes/components/publication-card.php' for inclusion (include_path='C:\xampp\php\PEAR') in E:\xampp\htdocs\ProjectGenesis\includes\sections\main\home.php on line 242
[08-Nov-2025 04:47:25 UTC] PHP Warning:  include(E:\xampp\htdocs\ProjectGenesis\includes/components/publication-card.php): Failed to open stream: No such file or directory in E:\xampp\htdocs\ProjectGenesis\includes\sections\main\home.php on line 242
[08-Nov-2025 04:47:25 UTC] PHP Warning:  include(): Failed opening 'E:\xampp\htdocs\ProjectGenesis\includes/components/publication-card.php' for inclusion (include_path='C:\xampp\php\PEAR') in E:\xampp\htdocs\ProjectGenesis\includes\sections\main\home.php on line 242
[08-Nov-2025 04:47:25 UTC] PHP Warning:  include(E:\xampp\htdocs\ProjectGenesis\includes/components/publication-card.php): Failed to open stream: No such file or directory in E:\xampp\htdocs\ProjectGenesis\includes\sections\main\home.php on line 242
[08-Nov-2025 04:47:25 UTC] PHP Warning:  include(): Failed opening 'E:\xampp\htdocs\ProjectGenesis\includes/components/publication-card.php' for inclusion (include_path='C:\xampp\php\PEAR') in E:\xampp\htdocs\ProjectGenesis\includes\sections\main\home.php on line 242
[08-Nov-2025 04:47:30 UTC] PHP Warning:  include(E:\xampp\htdocs\ProjectGenesis\includes/components/publication-card.php): Failed to open stream: No such file or directory in E:\xampp\htdocs\ProjectGenesis\includes\sections\main\home.php on line 242
[08-Nov-2025 04:47:30 UTC] PHP Warning:  include(): Failed opening 'E:\xampp\htdocs\ProjectGenesis\includes/components/publication-card.php' for inclusion (include_path='C:\xampp\php\PEAR') in E:\xampp\htdocs\ProjectGenesis\includes\sections\main\home.php on line 242
[08-Nov-2025 04:47:30 UTC] PHP Warning:  include(E:\xampp\htdocs\ProjectGenesis\includes/components/publication-card.php): Failed to open stream: No such file or directory in E:\xampp\htdocs\ProjectGenesis\includes\sections\main\home.php on line 242
[08-Nov-2025 04:47:30 UTC] PHP Warning:  include(): Failed opening 'E:\xampp\htdocs\ProjectGenesis\includes/components/publication-card.php' for inclusion (include_path='C:\xampp\php\PEAR') in E:\xampp\htdocs\ProjectGenesis\includes\sections\main\home.php on line 242
[08-Nov-2025 04:47:30 UTC] PHP Warning:  include(E:\xampp\htdocs\ProjectGenesis\includes/components/publication-card.php): Failed to open stream: No such file or directory in E:\xampp\htdocs\ProjectGenesis\includes\sections\main\home.php on line 242
[08-Nov-2025 04:47:30 UTC] PHP Warning:  include(): Failed opening 'E:\xampp\htdocs\ProjectGenesis\includes/components/publication-card.php' for inclusion (include_path='C:\xampp\php\PEAR') in E:\xampp\htdocs\ProjectGenesis\includes\sections\main\home.php on line 242
[08-Nov-2025 04:47:30 UTC] PHP Warning:  include(E:\xampp\htdocs\ProjectGenesis\includes/components/publication-card.php): Failed to open stream: No such file or directory in E:\xampp\htdocs\ProjectGenesis\includes\sections\main\home.php on line 242
[08-Nov-2025 04:47:31 UTC] PHP Warning:  include(): Failed opening 'E:\xampp\htdocs\ProjectGenesis\includes/components/publication-card.php' for inclusion (include_path='C:\xampp\php\PEAR') in E:\xampp\htdocs\ProjectGenesis\includes\sections\main\home.php on line 242
[08-Nov-2025 05:29:31 UTC] PHP Warning:  Undefined variable $isAdminPage in E:\xampp\htdocs\ProjectGenesis\config\routing\router.php on line 581
[08-Nov-2025 05:29:32 UTC] PHP Warning:  Undefined variable $isAdminPage in E:\xampp\htdocs\ProjectGenesis\config\routing\router.php on line 581
[08-Nov-2025 05:31:01 UTC] PHP Warning:  Undefined variable $isAdminPage in E:\xampp\htdocs\ProjectGenesis\config\routing\router.php on line 581
[08-Nov-2025 05:31:07 UTC] PHP Warning:  Undefined variable $isAdminPage in E:\xampp\htdocs\ProjectGenesis\config\routing\router.php on line 581
[08-Nov-2025 05:31:47 UTC] PHP Warning:  Undefined variable $isAdminPage in E:\xampp\htdocs\ProjectGenesis\config\routing\router.php on line 581
[08-Nov-2025 05:31:48 UTC] PHP Warning:  Undefined variable $isAdminPage in E:\xampp\htdocs\ProjectGenesis\config\routing\router.php on line 581
[08-Nov-2025 05:31:53 UTC] PHP Warning:  Undefined variable $isAdminPage in E:\xampp\htdocs\ProjectGenesis\config\routing\router.php on line 581
[08-Nov-2025 05:31:56 UTC] PHP Warning:  Undefined variable $isAdminPage in E:\xampp\htdocs\ProjectGenesis\config\routing\router.php on line 581
[08-Nov-2025 05:32:04 UTC] PHP Warning:  session_set_cookie_params(): Session cookie parameters cannot be changed when a session is active in E:\xampp\htdocs\ProjectGenesis\api\auth_handler.php on line 107
[08-Nov-2025 05:32:04 UTC] PHP Warning:  Undefined variable $isAdminPage in E:\xampp\htdocs\ProjectGenesis\config\routing\router.php on line 581
[08-Nov-2025 05:32:20 UTC] PHP Warning:  Undefined variable $isAdminPage in E:\xampp\htdocs\ProjectGenesis\config\routing\router.php on line 581
[08-Nov-2025 05:32:25 UTC] PHP Warning:  Undefined variable $isAdminPage in E:\xampp\htdocs\ProjectGenesis\config\routing\router.php on line 581
[08-Nov-2025 05:32:29 UTC] PHP Warning:  Undefined variable $isAdminPage in E:\xampp\htdocs\ProjectGenesis\config\routing\router.php on line 581
[08-Nov-2025 05:32:32 UTC] PHP Warning:  Undefined variable $isAdminPage in E:\xampp\htdocs\ProjectGenesis\config\routing\router.php on line 581
[08-Nov-2025 05:32:40 UTC] PHP Warning:  session_set_cookie_params(): Session cookie parameters cannot be changed when a session is active in E:\xampp\htdocs\ProjectGenesis\api\auth_handler.php on line 107
[08-Nov-2025 05:32:41 UTC] PHP Warning:  Undefined variable $isAdminPage in E:\xampp\htdocs\ProjectGenesis\config\routing\router.php on line 581
[08-Nov-2025 05:32:46 UTC] PHP Warning:  Undefined variable $isAdminPage in E:\xampp\htdocs\ProjectGenesis\config\routing\router.php on line 581
[08-Nov-2025 05:33:34 UTC] PHP Warning:  Undefined variable $isAdminPage in E:\xampp\htdocs\ProjectGenesis\config\routing\router.php on line 581
[08-Nov-2025 05:37:25 UTC] PHP Warning:  Undefined variable $isAdminPage in E:\xampp\htdocs\ProjectGenesis\config\routing\router.php on line 581
[08-Nov-2025 05:37:26 UTC] PHP Warning:  Undefined variable $isAdminPage in E:\xampp\htdocs\ProjectGenesis\config\routing\router.php on line 581
[08-Nov-2025 05:42:24 UTC] PHP Warning:  Undefined variable $isAdminPage in E:\xampp\htdocs\ProjectGenesis\config\routing\router.php on line 615
[08-Nov-2025 05:42:57 UTC] PHP Warning:  Undefined variable $isAdminPage in E:\xampp\htdocs\ProjectGenesis\config\routing\router.php on line 615
[08-Nov-2025 05:43:08 UTC] PHP Warning:  Undefined variable $isAdminPage in E:\xampp\htdocs\ProjectGenesis\config\routing\router.php on line 615
[08-Nov-2025 05:43:10 UTC] PHP Warning:  Undefined variable $isAdminPage in E:\xampp\htdocs\ProjectGenesis\config\routing\router.php on line 615
[08-Nov-2025 05:43:12 UTC] PHP Warning:  Undefined variable $isAdminPage in E:\xampp\htdocs\ProjectGenesis\config\routing\router.php on line 615
[08-Nov-2025 05:43:16 UTC] PHP Warning:  Undefined variable $isAdminPage in E:\xampp\htdocs\ProjectGenesis\config\routing\router.php on line 615
[08-Nov-2025 05:43:24 UTC] PHP Warning:  Undefined variable $isAdminPage in E:\xampp\htdocs\ProjectGenesis\config\routing\router.php on line 615
[08-Nov-2025 05:46:49 UTC] PHP Warning:  Undefined variable $isAdminPage in E:\xampp\htdocs\ProjectGenesis\config\routing\router.php on line 615
[08-Nov-2025 05:48:59 UTC] PHP Warning:  Undefined variable $isAdminPage in E:\xampp\htdocs\ProjectGenesis\config\routing\router.php on line 615
[08-Nov-2025 05:49:10 UTC] PHP Warning:  Undefined variable $isAdminPage in E:\xampp\htdocs\ProjectGenesis\config\routing\router.php on line 615
[08-Nov-2025 05:49:11 UTC] PHP Warning:  Undefined variable $isAdminPage in E:\xampp\htdocs\ProjectGenesis\config\routing\router.php on line 615
[08-Nov-2025 05:51:41 UTC] PHP Warning:  Undefined variable $isAdminPage in E:\xampp\htdocs\ProjectGenesis\config\routing\router.php on line 615
[08-Nov-2025 05:51:45 UTC] PHP Warning:  Undefined variable $isAdminPage in E:\xampp\htdocs\ProjectGenesis\config\routing\router.php on line 615
[08-Nov-2025 05:51:46 UTC] PHP Warning:  Undefined variable $isAdminPage in E:\xampp\htdocs\ProjectGenesis\config\routing\router.php on line 615
[08-Nov-2025 05:53:56 UTC] PHP Warning:  Undefined variable $isAdminPage in E:\xampp\htdocs\ProjectGenesis\config\routing\router.php on line 615
[08-Nov-2025 05:54:00 UTC] PHP Warning:  Undefined variable $isAdminPage in E:\xampp\htdocs\ProjectGenesis\config\routing\router.php on line 615
[08-Nov-2025 05:54:02 UTC] PHP Warning:  Undefined variable $isAdminPage in E:\xampp\htdocs\ProjectGenesis\config\routing\router.php on line 615
[08-Nov-2025 05:57:40 UTC] PHP Warning:  Undefined variable $isAdminPage in E:\xampp\htdocs\ProjectGenesis\config\routing\router.php on line 615
[08-Nov-2025 05:57:42 UTC] PHP Warning:  Undefined variable $isAdminPage in E:\xampp\htdocs\ProjectGenesis\config\routing\router.php on line 615
[08-Nov-2025 06:01:20 UTC] PHP Warning:  Undefined variable $isAdminPage in E:\xampp\htdocs\ProjectGenesis\config\routing\router.php on line 615
[08-Nov-2025 06:01:22 UTC] PHP Warning:  Undefined variable $isAdminPage in E:\xampp\htdocs\ProjectGenesis\config\routing\router.php on line 615
[08-Nov-2025 06:05:01 UTC] PHP Warning:  Undefined variable $isAdminPage in E:\xampp\htdocs\ProjectGenesis\config\routing\router.php on line 615
[08-Nov-2025 06:06:41 UTC] PHP Warning:  Undefined variable $isAdminPage in E:\xampp\htdocs\ProjectGenesis\config\routing\router.php on line 615
[08-Nov-2025 06:06:41 UTC] PHP Warning:  Undefined variable $isAdminPage in E:\xampp\htdocs\ProjectGenesis\config\routing\router.php on line 615
[08-Nov-2025 06:06:47 UTC] PHP Warning:  Undefined variable $isAdminPage in E:\xampp\htdocs\ProjectGenesis\config\routing\router.php on line 615
[08-Nov-2025 06:06:50 UTC] PHP Warning:  include(E:\xampp\htdocs\ProjectGenesis\includes/components/publication-card.php): Failed to open stream: No such file or directory in E:\xampp\htdocs\ProjectGenesis\includes\sections\main\view-profile.php on line 126
[08-Nov-2025 06:06:50 UTC] PHP Warning:  include(): Failed opening 'E:\xampp\htdocs\ProjectGenesis\includes/components/publication-card.php' for inclusion (include_path='C:\xampp\php\PEAR') in E:\xampp\htdocs\ProjectGenesis\includes\sections\main\view-profile.php on line 126
[08-Nov-2025 06:06:56 UTC] PHP Warning:  include(E:\xampp\htdocs\ProjectGenesis\includes/components/publication-card.php): Failed to open stream: No such file or directory in E:\xampp\htdocs\ProjectGenesis\includes\sections\main\view-profile.php on line 126
[08-Nov-2025 06:06:57 UTC] PHP Warning:  include(): Failed opening 'E:\xampp\htdocs\ProjectGenesis\includes/components/publication-card.php' for inclusion (include_path='C:\xampp\php\PEAR') in E:\xampp\htdocs\ProjectGenesis\includes\sections\main\view-profile.php on line 126
[08-Nov-2025 06:07:00 UTC] PHP Warning:  include(E:\xampp\htdocs\ProjectGenesis\includes/components/publication-card.php): Failed to open stream: No such file or directory in E:\xampp\htdocs\ProjectGenesis\includes\sections\main\view-profile.php on line 126
[08-Nov-2025 06:07:00 UTC] PHP Warning:  include(): Failed opening 'E:\xampp\htdocs\ProjectGenesis\includes/components/publication-card.php' for inclusion (include_path='C:\xampp\php\PEAR') in E:\xampp\htdocs\ProjectGenesis\includes\sections\main\view-profile.php on line 126
[08-Nov-2025 06:07:00 UTC] PHP Warning:  include(E:\xampp\htdocs\ProjectGenesis\includes/components/publication-card.php): Failed to open stream: No such file or directory in E:\xampp\htdocs\ProjectGenesis\includes\sections\main\view-profile.php on line 126
[08-Nov-2025 06:07:00 UTC] PHP Warning:  include(): Failed opening 'E:\xampp\htdocs\ProjectGenesis\includes/components/publication-card.php' for inclusion (include_path='C:\xampp\php\PEAR') in E:\xampp\htdocs\ProjectGenesis\includes\sections\main\view-profile.php on line 126
[08-Nov-2025 06:07:48 UTC] PHP Warning:  Undefined variable $isAdminPage in E:\xampp\htdocs\ProjectGenesis\config\routing\router.php on line 615
[08-Nov-2025 06:10:26 UTC] PHP Warning:  Undefined variable $isAdminPage in E:\xampp\htdocs\ProjectGenesis\config\routing\router.php on line 615
[08-Nov-2025 06:10:32 UTC] PHP Warning:  include(E:\xampp\htdocs\ProjectGenesis\includes/components/publication-card.php): Failed to open stream: No such file or directory in E:\xampp\htdocs\ProjectGenesis\includes\sections\main\view-profile.php on line 126
[08-Nov-2025 06:10:32 UTC] PHP Warning:  include(): Failed opening 'E:\xampp\htdocs\ProjectGenesis\includes/components/publication-card.php' for inclusion (include_path='C:\xampp\php\PEAR') in E:\xampp\htdocs\ProjectGenesis\includes\sections\main\view-profile.php on line 126
[08-Nov-2025 06:10:54 UTC] PHP Warning:  include(E:\xampp\htdocs\ProjectGenesis\includes/components/publication-card.php): Failed to open stream: No such file or directory in E:\xampp\htdocs\ProjectGenesis\includes\sections\main\view-profile.php on line 126
[08-Nov-2025 06:10:54 UTC] PHP Warning:  include(): Failed opening 'E:\xampp\htdocs\ProjectGenesis\includes/components/publication-card.php' for inclusion (include_path='C:\xampp\php\PEAR') in E:\xampp\htdocs\ProjectGenesis\includes\sections\main\view-profile.php on line 126
[08-Nov-2025 06:10:56 UTC] PHP Warning:  include(E:\xampp\htdocs\ProjectGenesis\includes/components/publication-card.php): Failed to open stream: No such file or directory in E:\xampp\htdocs\ProjectGenesis\includes\sections\main\view-profile.php on line 126
[08-Nov-2025 06:10:56 UTC] PHP Warning:  include(): Failed opening 'E:\xampp\htdocs\ProjectGenesis\includes/components/publication-card.php' for inclusion (include_path='C:\xampp\php\PEAR') in E:\xampp\htdocs\ProjectGenesis\includes\sections\main\view-profile.php on line 126
[08-Nov-2025 06:11:04 UTC] PHP Warning:  include(E:\xampp\htdocs\ProjectGenesis\includes/components/publication-card.php): Failed to open stream: No such file or directory in E:\xampp\htdocs\ProjectGenesis\includes\sections\main\view-profile.php on line 126
[08-Nov-2025 06:11:06 UTC] PHP Warning:  include(): Failed opening 'E:\xampp\htdocs\ProjectGenesis\includes/components/publication-card.php' for inclusion (include_path='C:\xampp\php\PEAR') in E:\xampp\htdocs\ProjectGenesis\includes\sections\main\view-profile.php on line 126
[08-Nov-2025 06:11:23 UTC] PHP Warning:  include(E:\xampp\htdocs\ProjectGenesis\includes/components/publication-card.php): Failed to open stream: No such file or directory in E:\xampp\htdocs\ProjectGenesis\includes\sections\main\view-profile.php on line 126
[08-Nov-2025 06:11:23 UTC] PHP Warning:  include(): Failed opening 'E:\xampp\htdocs\ProjectGenesis\includes/components/publication-card.php' for inclusion (include_path='C:\xampp\php\PEAR') in E:\xampp\htdocs\ProjectGenesis\includes\sections\main\view-profile.php on line 126
[08-Nov-2025 06:11:30 UTC] PHP Warning:  include(E:\xampp\htdocs\ProjectGenesis\includes/components/publication-card.php): Failed to open stream: No such file or directory in E:\xampp\htdocs\ProjectGenesis\includes\sections\main\view-profile.php on line 126
[08-Nov-2025 06:11:30 UTC] PHP Warning:  include(): Failed opening 'E:\xampp\htdocs\ProjectGenesis\includes/components/publication-card.php' for inclusion (include_path='C:\xampp\php\PEAR') in E:\xampp\htdocs\ProjectGenesis\includes\sections\main\view-profile.php on line 126
[08-Nov-2025 06:12:08 UTC] PHP Warning:  Undefined variable $isAdminPage in E:\xampp\htdocs\ProjectGenesis\config\routing\router.php on line 615
[08-Nov-2025 15:36:10 UTC] PHP Warning:  Undefined variable $isAdminPage in E:\xampp\htdocs\ProjectGenesis\config\routing\router.php on line 615
[08-Nov-2025 15:36:22 UTC] PHP Warning:  Undefined variable $isAdminPage in E:\xampp\htdocs\ProjectGenesis\config\routing\router.php on line 615
[08-Nov-2025 15:48:12 UTC] PHP Warning:  Undefined variable $isAdminPage in E:\xampp\htdocs\ProjectGenesis\config\routing\router.php on line 615
[08-Nov-2025 15:50:54 UTC] PHP Warning:  Undefined variable $isAdminPage in E:\xampp\htdocs\ProjectGenesis\config\routing\router.php on line 615
[08-Nov-2025 15:50:55 UTC] PHP Warning:  Undefined variable $isAdminPage in E:\xampp\htdocs\ProjectGenesis\config\routing\router.php on line 615
[08-Nov-2025 15:50:55 UTC] PHP Warning:  Undefined variable $isAdminPage in E:\xampp\htdocs\ProjectGenesis\config\routing\router.php on line 615
[08-Nov-2025 15:50:56 UTC] PHP Warning:  Undefined variable $isAdminPage in E:\xampp\htdocs\ProjectGenesis\config\routing\router.php on line 615
[08-Nov-2025 15:50:57 UTC] PHP Warning:  Undefined variable $isAdminPage in E:\xampp\htdocs\ProjectGenesis\config\routing\router.php on line 615
[08-Nov-2025 15:50:57 UTC] PHP Warning:  Undefined variable $isAdminPage in E:\xampp\htdocs\ProjectGenesis\config\routing\router.php on line 615
[08-Nov-2025 15:50:58 UTC] PHP Warning:  Undefined variable $isAdminPage in E:\xampp\htdocs\ProjectGenesis\config\routing\router.php on line 615
[08-Nov-2025 15:50:59 UTC] PHP Warning:  Undefined variable $isAdminPage in E:\xampp\htdocs\ProjectGenesis\config\routing\router.php on line 615
[08-Nov-2025 15:50:59 UTC] PHP Warning:  Undefined variable $isAdminPage in E:\xampp\htdocs\ProjectGenesis\config\routing\router.php on line 615
[08-Nov-2025 15:51:25 UTC] PHP Warning:  Undefined variable $isAdminPage in E:\xampp\htdocs\ProjectGenesis\config\routing\router.php on line 615
[08-Nov-2025 15:51:30 UTC] PHP Warning:  Undefined variable $isAdminPage in E:\xampp\htdocs\ProjectGenesis\config\routing\router.php on line 615
[08-Nov-2025 15:51:30 UTC] PHP Warning:  Undefined variable $isAdminPage in E:\xampp\htdocs\ProjectGenesis\config\routing\router.php on line 615
[08-Nov-2025 15:51:31 UTC] PHP Warning:  Undefined variable $isAdminPage in E:\xampp\htdocs\ProjectGenesis\config\routing\router.php on line 615
[08-Nov-2025 15:51:31 UTC] PHP Warning:  Undefined variable $isAdminPage in E:\xampp\htdocs\ProjectGenesis\config\routing\router.php on line 615
[08-Nov-2025 15:51:31 UTC] PHP Warning:  Undefined variable $isAdminPage in E:\xampp\htdocs\ProjectGenesis\config\routing\router.php on line 615
[08-Nov-2025 15:51:31 UTC] PHP Warning:  Undefined variable $isAdminPage in E:\xampp\htdocs\ProjectGenesis\config\routing\router.php on line 615
[08-Nov-2025 15:51:32 UTC] PHP Warning:  Undefined variable $isAdminPage in E:\xampp\htdocs\ProjectGenesis\config\routing\router.php on line 615
[08-Nov-2025 15:53:32 UTC] PHP Warning:  Undefined variable $isAdminPage in E:\xampp\htdocs\ProjectGenesis\config\routing\router.php on line 615
[08-Nov-2025 15:53:37 UTC] PHP Warning:  Undefined variable $isAdminPage in E:\xampp\htdocs\ProjectGenesis\config\routing\router.php on line 615
[08-Nov-2025 15:56:49 UTC] PHP Warning:  Undefined variable $isAdminPage in E:\xampp\htdocs\ProjectGenesis\config\routing\router.php on line 615
[08-Nov-2025 15:56:50 UTC] PHP Warning:  Undefined variable $isAdminPage in E:\xampp\htdocs\ProjectGenesis\config\routing\router.php on line 615
[08-Nov-2025 15:56:51 UTC] PHP Warning:  Undefined variable $isAdminPage in E:\xampp\htdocs\ProjectGenesis\config\routing\router.php on line 615
[08-Nov-2025 15:56:52 UTC] PHP Warning:  Undefined variable $isAdminPage in E:\xampp\htdocs\ProjectGenesis\config\routing\router.php on line 615
[08-Nov-2025 15:56:53 UTC] PHP Warning:  Undefined variable $isAdminPage in E:\xampp\htdocs\ProjectGenesis\config\routing\router.php on line 615
[08-Nov-2025 15:56:53 UTC] PHP Warning:  Undefined variable $isAdminPage in E:\xampp\htdocs\ProjectGenesis\config\routing\router.php on line 615
[08-Nov-2025 15:56:54 UTC] PHP Warning:  Undefined variable $isAdminPage in E:\xampp\htdocs\ProjectGenesis\config\routing\router.php on line 615
[08-Nov-2025 15:56:54 UTC] PHP Warning:  Undefined variable $isAdminPage in E:\xampp\htdocs\ProjectGenesis\config\routing\router.php on line 615
[08-Nov-2025 15:56:55 UTC] PHP Warning:  Undefined variable $isAdminPage in E:\xampp\htdocs\ProjectGenesis\config\routing\router.php on line 615
[08-Nov-2025 15:56:56 UTC] PHP Warning:  Undefined variable $isAdminPage in E:\xampp\htdocs\ProjectGenesis\config\routing\router.php on line 615
[08-Nov-2025 15:56:56 UTC] PHP Warning:  Undefined variable $isAdminPage in E:\xampp\htdocs\ProjectGenesis\config\routing\router.php on line 615
[08-Nov-2025 15:56:57 UTC] PHP Warning:  Undefined variable $isAdminPage in E:\xampp\htdocs\ProjectGenesis\config\routing\router.php on line 615
[08-Nov-2025 15:56:57 UTC] PHP Warning:  Undefined variable $isAdminPage in E:\xampp\htdocs\ProjectGenesis\config\routing\router.php on line 615
[08-Nov-2025 15:56:58 UTC] PHP Warning:  Undefined variable $isAdminPage in E:\xampp\htdocs\ProjectGenesis\config\routing\router.php on line 615
[08-Nov-2025 15:56:59 UTC] PHP Warning:  Undefined variable $isAdminPage in E:\xampp\htdocs\ProjectGenesis\config\routing\router.php on line 615
[08-Nov-2025 15:56:59 UTC] PHP Warning:  Undefined variable $isAdminPage in E:\xampp\htdocs\ProjectGenesis\config\routing\router.php on line 615
[08-Nov-2025 15:57:00 UTC] PHP Warning:  Undefined variable $isAdminPage in E:\xampp\htdocs\ProjectGenesis\config\routing\router.php on line 615
[08-Nov-2025 15:58:47 UTC] PHP Warning:  Undefined variable $isAdminPage in E:\xampp\htdocs\ProjectGenesis\config\routing\router.php on line 615
[08-Nov-2025 15:58:48 UTC] PHP Warning:  Undefined variable $isAdminPage in E:\xampp\htdocs\ProjectGenesis\config\routing\router.php on line 615
[08-Nov-2025 15:58:49 UTC] PHP Warning:  Undefined variable $isAdminPage in E:\xampp\htdocs\ProjectGenesis\config\routing\router.php on line 615
[08-Nov-2025 15:58:49 UTC] PHP Warning:  Undefined variable $isAdminPage in E:\xampp\htdocs\ProjectGenesis\config\routing\router.php on line 615
[08-Nov-2025 15:58:49 UTC] PHP Warning:  Undefined variable $isAdminPage in E:\xampp\htdocs\ProjectGenesis\config\routing\router.php on line 615
[08-Nov-2025 15:58:50 UTC] PHP Warning:  Undefined variable $isAdminPage in E:\xampp\htdocs\ProjectGenesis\config\routing\router.php on line 615
[08-Nov-2025 16:02:33 UTC] PHP Warning:  Undefined variable $isAdminPage in E:\xampp\htdocs\ProjectGenesis\config\routing\router.php on line 615
[08-Nov-2025 16:02:34 UTC] PHP Warning:  Undefined variable $isAdminPage in E:\xampp\htdocs\ProjectGenesis\config\routing\router.php on line 615
[08-Nov-2025 16:02:55 UTC] PHP Warning:  Undefined variable $isAdminPage in E:\xampp\htdocs\ProjectGenesis\config\routing\router.php on line 615
[08-Nov-2025 16:03:46 UTC] PHP Warning:  Undefined variable $isAdminPage in E:\xampp\htdocs\ProjectGenesis\config\routing\router.php on line 615
[08-Nov-2025 16:03:48 UTC] PHP Warning:  Undefined variable $isAdminPage in E:\xampp\htdocs\ProjectGenesis\config\routing\router.php on line 615
[08-Nov-2025 16:04:26 UTC] PHP Warning:  Undefined variable $isAdminPage in E:\xampp\htdocs\ProjectGenesis\config\routing\router.php on line 615
[08-Nov-2025 16:04:27 UTC] PHP Warning:  Undefined variable $isAdminPage in E:\xampp\htdocs\ProjectGenesis\config\routing\router.php on line 615
[08-Nov-2025 16:04:27 UTC] PHP Warning:  Undefined variable $isAdminPage in E:\xampp\htdocs\ProjectGenesis\config\routing\router.php on line 615
[08-Nov-2025 16:04:28 UTC] PHP Warning:  Undefined variable $isAdminPage in E:\xampp\htdocs\ProjectGenesis\config\routing\router.php on line 615
[08-Nov-2025 16:04:28 UTC] PHP Warning:  Undefined variable $isAdminPage in E:\xampp\htdocs\ProjectGenesis\config\routing\router.php on line 615
[08-Nov-2025 16:04:28 UTC] PHP Warning:  Undefined variable $isAdminPage in E:\xampp\htdocs\ProjectGenesis\config\routing\router.php on line 615
[08-Nov-2025 16:04:28 UTC] PHP Warning:  Undefined variable $isAdminPage in E:\xampp\htdocs\ProjectGenesis\config\routing\router.php on line 615
[08-Nov-2025 16:04:46 UTC] PHP Warning:  Undefined variable $isAdminPage in E:\xampp\htdocs\ProjectGenesis\config\routing\router.php on line 615
[08-Nov-2025 16:05:11 UTC] PHP Warning:  Undefined variable $isAdminPage in E:\xampp\htdocs\ProjectGenesis\config\routing\router.php on line 615
[08-Nov-2025 16:05:42 UTC] PHP Warning:  Undefined variable $isAdminPage in E:\xampp\htdocs\ProjectGenesis\config\routing\router.php on line 615
[08-Nov-2025 16:05:43 UTC] PHP Warning:  Undefined variable $isAdminPage in E:\xampp\htdocs\ProjectGenesis\config\routing\router.php on line 615
[08-Nov-2025 16:05:43 UTC] PHP Warning:  Undefined variable $isAdminPage in E:\xampp\htdocs\ProjectGenesis\config\routing\router.php on line 615
[08-Nov-2025 16:07:16 UTC] PHP Warning:  Undefined variable $isAdminPage in E:\xampp\htdocs\ProjectGenesis\config\routing\router.php on line 615
[08-Nov-2025 16:07:28 UTC] PHP Warning:  Undefined variable $isAdminPage in E:\xampp\htdocs\ProjectGenesis\config\routing\router.php on line 615
[08-Nov-2025 16:07:59 UTC] PHP Warning:  Undefined variable $isAdminPage in E:\xampp\htdocs\ProjectGenesis\config\routing\router.php on line 615
[08-Nov-2025 16:08:00 UTC] PHP Warning:  Undefined variable $isAdminPage in E:\xampp\htdocs\ProjectGenesis\config\routing\router.php on line 615
[08-Nov-2025 16:08:05 UTC] PHP Warning:  Undefined variable $isAdminPage in E:\xampp\htdocs\ProjectGenesis\config\routing\router.php on line 615
[08-Nov-2025 16:08:59 UTC] PHP Warning:  Undefined variable $isAdminPage in E:\xampp\htdocs\ProjectGenesis\config\routing\router.php on line 615
[08-Nov-2025 16:09:01 UTC] PHP Warning:  Undefined variable $isAdminPage in E:\xampp\htdocs\ProjectGenesis\config\routing\router.php on line 615
[08-Nov-2025 16:09:03 UTC] PHP Warning:  Undefined variable $isAdminPage in E:\xampp\htdocs\ProjectGenesis\config\routing\router.php on line 615
[08-Nov-2025 16:09:05 UTC] PHP Warning:  Undefined variable $isAdminPage in E:\xampp\htdocs\ProjectGenesis\config\routing\router.php on line 615
[08-Nov-2025 16:09:09 UTC] PHP Warning:  Undefined variable $isAdminPage in E:\xampp\htdocs\ProjectGenesis\config\routing\router.php on line 615
[08-Nov-2025 16:09:21 UTC] PHP Warning:  Undefined variable $isAdminPage in E:\xampp\htdocs\ProjectGenesis\config\routing\router.php on line 615
[08-Nov-2025 16:09:31 UTC] PHP Warning:  Undefined variable $isAdminPage in E:\xampp\htdocs\ProjectGenesis\config\routing\router.php on line 615
[08-Nov-2025 16:09:39 UTC] PHP Warning:  Undefined variable $isAdminPage in E:\xampp\htdocs\ProjectGenesis\config\routing\router.php on line 615
[08-Nov-2025 16:09:47 UTC] PHP Warning:  Undefined variable $isAdminPage in E:\xampp\htdocs\ProjectGenesis\config\routing\router.php on line 615
[08-Nov-2025 16:09:49 UTC] PHP Warning:  Undefined variable $isAdminPage in E:\xampp\htdocs\ProjectGenesis\config\routing\router.php on line 615
[08-Nov-2025 16:09:51 UTC] PHP Warning:  Undefined variable $isAdminPage in E:\xampp\htdocs\ProjectGenesis\config\routing\router.php on line 615
[08-Nov-2025 16:10:29 UTC] PHP Warning:  Undefined variable $isAdminPage in E:\xampp\htdocs\ProjectGenesis\config\routing\router.php on line 615
[08-Nov-2025 16:10:31 UTC] PHP Warning:  Undefined variable $isAdminPage in E:\xampp\htdocs\ProjectGenesis\config\routing\router.php on line 615
[08-Nov-2025 20:56:13 UTC] PHP Warning:  Undefined variable $isAdminPage in E:\xampp\htdocs\ProjectGenesis\config\routing\router.php on line 615
[08-Nov-2025 20:56:22 UTC] PHP Warning:  Undefined variable $isAdminPage in E:\xampp\htdocs\ProjectGenesis\config\routing\router.php on line 615
[08-Nov-2025 20:56:35 UTC] PHP Warning:  include(E:\xampp\htdocs\ProjectGenesis\includes/components/publication-card.php): Failed to open stream: No such file or directory in E:\xampp\htdocs\ProjectGenesis\includes\sections\main\view-profile.php on line 126
[08-Nov-2025 20:56:36 UTC] PHP Warning:  include(): Failed opening 'E:\xampp\htdocs\ProjectGenesis\includes/components/publication-card.php' for inclusion (include_path='C:\xampp\php\PEAR') in E:\xampp\htdocs\ProjectGenesis\includes\sections\main\view-profile.php on line 126
[08-Nov-2025 20:56:47 UTC] PHP Warning:  Undefined variable $isAdminPage in E:\xampp\htdocs\ProjectGenesis\config\routing\router.php on line 615
[08-Nov-2025 20:57:32 UTC] PHP Warning:  include(E:\xampp\htdocs\ProjectGenesis\includes/components/publication-card.php): Failed to open stream: No such file or directory in E:\xampp\htdocs\ProjectGenesis\includes\sections\main\view-profile.php on line 126
[08-Nov-2025 20:57:32 UTC] PHP Warning:  include(): Failed opening 'E:\xampp\htdocs\ProjectGenesis\includes/components/publication-card.php' for inclusion (include_path='C:\xampp\php\PEAR') in E:\xampp\htdocs\ProjectGenesis\includes\sections\main\view-profile.php on line 126
[08-Nov-2025 21:16:22 UTC] PHP Warning:  Undefined variable $isAdminPage in E:\xampp\htdocs\ProjectGenesis\config\routing\router.php on line 615
[08-Nov-2025 21:16:33 UTC] PHP Warning:  include(E:\xampp\htdocs\ProjectGenesis\includes/components/publication-card.php): Failed to open stream: No such file or directory in E:\xampp\htdocs\ProjectGenesis\includes\sections\main\view-profile.php on line 126
[08-Nov-2025 21:16:33 UTC] PHP Warning:  include(): Failed opening 'E:\xampp\htdocs\ProjectGenesis\includes/components/publication-card.php' for inclusion (include_path='C:\xampp\php\PEAR') in E:\xampp\htdocs\ProjectGenesis\includes\sections\main\view-profile.php on line 126
[08-Nov-2025 21:29:37 UTC] PHP Warning:  Undefined variable $isAdminPage in E:\xampp\htdocs\ProjectGenesis\config\routing\router.php on line 615
[08-Nov-2025 21:29:39 UTC] PHP Warning:  Undefined variable $isAdminPage in E:\xampp\htdocs\ProjectGenesis\config\routing\router.php on line 615
[08-Nov-2025 21:29:46 UTC] PHP Warning:  Undefined variable $isAdminPage in E:\xampp\htdocs\ProjectGenesis\config\routing\router.php on line 615
[08-Nov-2025 21:29:49 UTC] PHP Warning:  Undefined variable $isAdminPage in E:\xampp\htdocs\ProjectGenesis\config\routing\router.php on line 615
[08-Nov-2025 21:30:00 UTC] PHP Warning:  session_set_cookie_params(): Session cookie parameters cannot be changed when a session is active in E:\xampp\htdocs\ProjectGenesis\api\auth_handler.php on line 107
[08-Nov-2025 21:30:00 UTC] PHP Warning:  Undefined variable $isAdminPage in E:\xampp\htdocs\ProjectGenesis\config\routing\router.php on line 615
[08-Nov-2025 21:30:17 UTC] PHP Warning:  Undefined variable $isAdminPage in E:\xampp\htdocs\ProjectGenesis\config\routing\router.php on line 615
[08-Nov-2025 21:30:21 UTC] PHP Warning:  Undefined variable $isAdminPage in E:\xampp\htdocs\ProjectGenesis\config\routing\router.php on line 615
[08-Nov-2025 21:30:26 UTC] PHP Warning:  Undefined variable $isAdminPage in E:\xampp\htdocs\ProjectGenesis\config\routing\router.php on line 615
[08-Nov-2025 21:30:35 UTC] PHP Warning:  Undefined variable $isAdminPage in E:\xampp\htdocs\ProjectGenesis\config\routing\router.php on line 615
[08-Nov-2025 21:30:37 UTC] PHP Warning:  Undefined variable $isAdminPage in E:\xampp\htdocs\ProjectGenesis\config\routing\router.php on line 615
[08-Nov-2025 21:30:49 UTC] PHP Warning:  Undefined variable $isAdminPage in E:\xampp\htdocs\ProjectGenesis\config\routing\router.php on line 615
[08-Nov-2025 21:30:55 UTC] PHP Warning:  Undefined variable $isAdminPage in E:\xampp\htdocs\ProjectGenesis\config\routing\router.php on line 615
[08-Nov-2025 21:39:43 UTC] PHP Warning:  Undefined variable $isAdminPage in E:\xampp\htdocs\ProjectGenesis\config\routing\router.php on line 637
[08-Nov-2025 22:02:00 UTC] PHP Warning:  Undefined variable $isAdminPage in E:\xampp\htdocs\ProjectGenesis\config\routing\router.php on line 637
[08-Nov-2025 22:02:14 UTC] PHP Warning:  Undefined variable $isAdminPage in E:\xampp\htdocs\ProjectGenesis\config\routing\router.php on line 637
[08-Nov-2025 22:02:43 UTC] PHP Warning:  Undefined variable $isAdminPage in E:\xampp\htdocs\ProjectGenesis\config\routing\router.php on line 637
[08-Nov-2025 22:03:36 UTC] PHP Warning:  Undefined variable $isAdminPage in E:\xampp\htdocs\ProjectGenesis\config\routing\router.php on line 637
[08-Nov-2025 22:03:53 UTC] PHP Warning:  Undefined variable $isAdminPage in E:\xampp\htdocs\ProjectGenesis\config\routing\router.php on line 637
[08-Nov-2025 22:11:13 UTC] PHP Warning:  Undefined variable $isAdminPage in E:\xampp\htdocs\ProjectGenesis\config\routing\router.php on line 637
[08-Nov-2025 22:11:20 UTC] PHP Warning:  Undefined variable $isAdminPage in E:\xampp\htdocs\ProjectGenesis\config\routing\router.php on line 637
[08-Nov-2025 22:12:12 UTC] PHP Warning:  Undefined variable $isAdminPage in E:\xampp\htdocs\ProjectGenesis\config\routing\router.php on line 637
[08-Nov-2025 22:47:42 UTC] PHP Warning:  Undefined variable $isAdminPage in E:\xampp\htdocs\ProjectGenesis\config\routing\router.php on line 637
[08-Nov-2025 22:48:37 UTC] PHP Warning:  Undefined variable $isAdminPage in E:\xampp\htdocs\ProjectGenesis\config\routing\router.php on line 637
[08-Nov-2025 22:48:39 UTC] PHP Warning:  Undefined variable $isAdminPage in E:\xampp\htdocs\ProjectGenesis\config\routing\router.php on line 637
[08-Nov-2025 22:48:43 UTC] PHP Warning:  Undefined variable $isAdminPage in E:\xampp\htdocs\ProjectGenesis\config\routing\router.php on line 637
[08-Nov-2025 22:48:46 UTC] PHP Warning:  Undefined variable $isAdminPage in E:\xampp\htdocs\ProjectGenesis\config\routing\router.php on line 637
[08-Nov-2025 22:48:54 UTC] PHP Warning:  session_set_cookie_params(): Session cookie parameters cannot be changed when a session is active in E:\xampp\htdocs\ProjectGenesis\api\auth_handler.php on line 107
[08-Nov-2025 22:48:55 UTC] PHP Warning:  Undefined variable $isAdminPage in E:\xampp\htdocs\ProjectGenesis\config\routing\router.php on line 637
[08-Nov-2025 23:00:10 UTC] PHP Warning:  Undefined variable $isAdminPage in E:\xampp\htdocs\ProjectGenesis\config\routing\router.php on line 637
[08-Nov-2025 23:00:16 UTC] PHP Warning:  Undefined variable $isAdminPage in E:\xampp\htdocs\ProjectGenesis\config\routing\router.php on line 637
[08-Nov-2025 23:00:35 UTC] PHP Warning:  Undefined variable $isAdminPage in E:\xampp\htdocs\ProjectGenesis\config\routing\router.php on line 637
[08-Nov-2025 23:01:11 UTC] PHP Warning:  Undefined variable $isAdminPage in E:\xampp\htdocs\ProjectGenesis\config\routing\router.php on line 637
[08-Nov-2025 23:01:14 UTC] PHP Warning:  Undefined variable $isAdminPage in E:\xampp\htdocs\ProjectGenesis\config\routing\router.php on line 637
[08-Nov-2025 23:04:26 UTC] PHP Warning:  Undefined variable $isAdminPage in E:\xampp\htdocs\ProjectGenesis\config\routing\router.php on line 637
[08-Nov-2025 23:04:27 UTC] PHP Warning:  Undefined variable $isAdminPage in E:\xampp\htdocs\ProjectGenesis\config\routing\router.php on line 637
[08-Nov-2025 23:04:42 UTC] PHP Warning:  Undefined variable $isAdminPage in E:\xampp\htdocs\ProjectGenesis\config\routing\router.php on line 637
[08-Nov-2025 23:05:14 UTC] PHP Warning:  Undefined variable $isAdminPage in E:\xampp\htdocs\ProjectGenesis\config\routing\router.php on line 637
[08-Nov-2025 23:05:18 UTC] PHP Warning:  Undefined variable $isAdminPage in E:\xampp\htdocs\ProjectGenesis\config\routing\router.php on line 637
[08-Nov-2025 23:14:30 UTC] PHP Warning:  Undefined variable $isAdminPage in E:\xampp\htdocs\ProjectGenesis\config\routing\router.php on line 637
[08-Nov-2025 23:14:38 UTC] PHP Warning:  Undefined variable $isAdminPage in E:\xampp\htdocs\ProjectGenesis\config\routing\router.php on line 637
[08-Nov-2025 23:27:48 UTC] PHP Warning:  Undefined variable $isAdminPage in E:\xampp\htdocs\ProjectGenesis\config\routing\router.php on line 637
[08-Nov-2025 23:27:51 UTC] PHP Warning:  Undefined variable $isAdminPage in E:\xampp\htdocs\ProjectGenesis\config\routing\router.php on line 637
[08-Nov-2025 23:27:59 UTC] PHP Warning:  Undefined variable $isAdminPage in E:\xampp\htdocs\ProjectGenesis\config\routing\router.php on line 637
[08-Nov-2025 23:28:01 UTC] PHP Warning:  Undefined variable $isAdminPage in E:\xampp\htdocs\ProjectGenesis\config\routing\router.php on line 637
[08-Nov-2025 23:28:32 UTC] PHP Warning:  Undefined variable $isAdminPage in E:\xampp\htdocs\ProjectGenesis\config\routing\router.php on line 637
[08-Nov-2025 23:28:37 UTC] PHP Warning:  Undefined variable $isAdminPage in E:\xampp\htdocs\ProjectGenesis\config\routing\router.php on line 637
[08-Nov-2025 23:29:21 UTC] PHP Warning:  Undefined variable $isAdminPage in E:\xampp\htdocs\ProjectGenesis\config\routing\router.php on line 637
[08-Nov-2025 23:29:34 UTC] PHP Warning:  Undefined variable $isAdminPage in E:\xampp\htdocs\ProjectGenesis\config\routing\router.php on line 637
[08-Nov-2025 23:30:38 UTC] PHP Warning:  Undefined variable $isAdminPage in E:\xampp\htdocs\ProjectGenesis\config\routing\router.php on line 637
[08-Nov-2025 23:31:44 UTC] PHP Warning:  Undefined variable $isAdminPage in E:\xampp\htdocs\ProjectGenesis\config\routing\router.php on line 637
[08-Nov-2025 23:33:03 UTC] PHP Warning:  Undefined variable $isAdminPage in E:\xampp\htdocs\ProjectGenesis\config\routing\router.php on line 637
[08-Nov-2025 23:33:05 UTC] PHP Warning:  Undefined variable $isAdminPage in E:\xampp\htdocs\ProjectGenesis\config\routing\router.php on line 637
[08-Nov-2025 23:33:09 UTC] PHP Warning:  Undefined variable $isAdminPage in E:\xampp\htdocs\ProjectGenesis\config\routing\router.php on line 637
[08-Nov-2025 23:33:17 UTC] PHP Warning:  Undefined variable $isAdminPage in E:\xampp\htdocs\ProjectGenesis\config\routing\router.php on line 637
[08-Nov-2025 23:33:23 UTC] PHP Warning:  Undefined variable $isAdminPage in E:\xampp\htdocs\ProjectGenesis\config\routing\router.php on line 637
[08-Nov-2025 23:33:28 UTC] PHP Warning:  Undefined variable $isAdminPage in E:\xampp\htdocs\ProjectGenesis\config\routing\router.php on line 637
[08-Nov-2025 23:33:31 UTC] PHP Warning:  Undefined variable $isAdminPage in E:\xampp\htdocs\ProjectGenesis\config\routing\router.php on line 637
[08-Nov-2025 23:34:10 UTC] PHP Warning:  Undefined variable $isAdminPage in E:\xampp\htdocs\ProjectGenesis\config\routing\router.php on line 637
[08-Nov-2025 23:34:19 UTC] PHP Warning:  Undefined variable $isAdminPage in E:\xampp\htdocs\ProjectGenesis\config\routing\router.php on line 637
[08-Nov-2025 23:34:50 UTC] PHP Warning:  Undefined variable $isAdminPage in E:\xampp\htdocs\ProjectGenesis\config\routing\router.php on line 637
[08-Nov-2025 23:34:55 UTC] PHP Warning:  Undefined variable $isAdminPage in E:\xampp\htdocs\ProjectGenesis\config\routing\router.php on line 637
[08-Nov-2025 23:35:01 UTC] PHP Warning:  Undefined variable $isAdminPage in E:\xampp\htdocs\ProjectGenesis\config\routing\router.php on line 637
[08-Nov-2025 23:35:05 UTC] PHP Warning:  Undefined variable $isAdminPage in E:\xampp\htdocs\ProjectGenesis\config\routing\router.php on line 637
[08-Nov-2025 23:35:36 UTC] PHP Warning:  Undefined variable $isAdminPage in E:\xampp\htdocs\ProjectGenesis\config\routing\router.php on line 637
[08-Nov-2025 23:35:50 UTC] PHP Warning:  Undefined variable $isAdminPage in E:\xampp\htdocs\ProjectGenesis\config\routing\router.php on line 637
[08-Nov-2025 23:36:52 UTC] PHP Warning:  Undefined variable $isAdminPage in E:\xampp\htdocs\ProjectGenesis\config\routing\router.php on line 637
[08-Nov-2025 23:52:36 UTC] PHP Warning:  Undefined variable $isAdminPage in E:\xampp\htdocs\ProjectGenesis\config\routing\router.php on line 629
[08-Nov-2025 23:52:41 UTC] PHP Warning:  Undefined variable $isAdminPage in E:\xampp\htdocs\ProjectGenesis\config\routing\router.php on line 629
[08-Nov-2025 23:52:43 UTC] PHP Warning:  Undefined variable $isAdminPage in E:\xampp\htdocs\ProjectGenesis\config\routing\router.php on line 629
[08-Nov-2025 23:52:47 UTC] PHP Warning:  Undefined variable $isAdminPage in E:\xampp\htdocs\ProjectGenesis\config\routing\router.php on line 629
[08-Nov-2025 23:53:05 UTC] PHP Warning:  Undefined variable $isAdminPage in E:\xampp\htdocs\ProjectGenesis\config\routing\router.php on line 629
[08-Nov-2025 23:54:33 UTC] PHP Warning:  Undefined variable $isAdminPage in E:\xampp\htdocs\ProjectGenesis\config\routing\router.php on line 629
[08-Nov-2025 23:54:44 UTC] PHP Warning:  session_set_cookie_params(): Session cookie parameters cannot be changed when a session is active in E:\xampp\htdocs\ProjectGenesis\api\auth_handler.php on line 540
[08-Nov-2025 23:54:45 UTC] PHP Warning:  Undefined variable $isAdminPage in E:\xampp\htdocs\ProjectGenesis\config\routing\router.php on line 629
[09-Nov-2025 00:02:36 UTC] PHP Warning:  Undefined variable $isAdminPage in E:\xampp\htdocs\ProjectGenesis\config\routing\router.php on line 629
[09-Nov-2025 00:02:43 UTC] PHP Warning:  Undefined variable $isAdminPage in E:\xampp\htdocs\ProjectGenesis\config\routing\router.php on line 629
[09-Nov-2025 00:02:49 UTC] PHP Warning:  session_set_cookie_params(): Session cookie parameters cannot be changed when a session is active in E:\xampp\htdocs\ProjectGenesis\api\auth_handler.php on line 540
[09-Nov-2025 00:02:50 UTC] PHP Warning:  Undefined variable $isAdminPage in E:\xampp\htdocs\ProjectGenesis\config\routing\router.php on line 629
[09-Nov-2025 00:03:01 UTC] PHP Warning:  Undefined variable $isAdminPage in E:\xampp\htdocs\ProjectGenesis\config\routing\router.php on line 629
[09-Nov-2025 00:03:08 UTC] PHP Warning:  session_set_cookie_params(): Session cookie parameters cannot be changed when a session is active in E:\xampp\htdocs\ProjectGenesis\api\auth_handler.php on line 540
[09-Nov-2025 00:03:09 UTC] PHP Warning:  Undefined variable $isAdminPage in E:\xampp\htdocs\ProjectGenesis\config\routing\router.php on line 629
[09-Nov-2025 00:03:11 UTC] PHP Warning:  Undefined variable $isAdminPage in E:\xampp\htdocs\ProjectGenesis\config\routing\router.php on line 629
[09-Nov-2025 00:07:57 UTC] PHP Warning:  Undefined variable $isAdminPage in E:\xampp\htdocs\ProjectGenesis\config\routing\router.php on line 629
[09-Nov-2025 00:58:16 UTC] PHP Warning:  Undefined variable $isAdminPage in E:\xampp\htdocs\ProjectGenesis\config\routing\router.php on line 629
[09-Nov-2025 00:58:24 UTC] PHP Warning:  Undefined variable $isAdminPage in E:\xampp\htdocs\ProjectGenesis\config\routing\router.php on line 629
[09-Nov-2025 00:58:27 UTC] PHP Warning:  Undefined variable $isAdminPage in E:\xampp\htdocs\ProjectGenesis\config\routing\router.php on line 629
[09-Nov-2025 00:58:29 UTC] PHP Warning:  Undefined variable $isAdminPage in E:\xampp\htdocs\ProjectGenesis\config\routing\router.php on line 629
[09-Nov-2025 01:09:52 UTC] PHP Warning:  Undefined variable $isAdminPage in E:\xampp\htdocs\ProjectGenesis\config\routing\router.php on line 629
[09-Nov-2025 01:09:59 UTC] PHP Warning:  session_set_cookie_params(): Session cookie parameters cannot be changed when a session is active in E:\xampp\htdocs\ProjectGenesis\api\auth_handler.php on line 540
[09-Nov-2025 01:10:00 UTC] PHP Warning:  Undefined variable $isAdminPage in E:\xampp\htdocs\ProjectGenesis\config\routing\router.php on line 629
[09-Nov-2025 01:10:50 UTC] PHP Warning:  Undefined variable $isAdminPage in E:\xampp\htdocs\ProjectGenesis\config\routing\router.php on line 629
[09-Nov-2025 01:11:12 UTC] PHP Warning:  Undefined variable $isAdminPage in E:\xampp\htdocs\ProjectGenesis\config\routing\router.php on line 629
[09-Nov-2025 01:11:32 UTC] PHP Warning:  Undefined variable $isAdminPage in E:\xampp\htdocs\ProjectGenesis\config\routing\router.php on line 629
[09-Nov-2025 01:11:41 UTC] PHP Warning:  Undefined variable $isAdminPage in E:\xampp\htdocs\ProjectGenesis\config\routing\router.php on line 629
[09-Nov-2025 01:13:22 UTC] PHP Warning:  Undefined variable $isAdminPage in E:\xampp\htdocs\ProjectGenesis\config\routing\router.php on line 629
[09-Nov-2025 01:18:47 UTC] PHP Warning:  Undefined variable $isAdminPage in E:\xampp\htdocs\ProjectGenesis\config\routing\router.php on line 629
[09-Nov-2025 01:23:14 UTC] PHP Warning:  Undefined variable $isAdminPage in E:\xampp\htdocs\ProjectGenesis\config\routing\router.php on line 694
[09-Nov-2025 01:23:22 UTC] PHP Warning:  Undefined variable $isAdminPage in E:\xampp\htdocs\ProjectGenesis\config\routing\router.php on line 694
[09-Nov-2025 01:23:25 UTC] PHP Warning:  Undefined variable $isAdminPage in E:\xampp\htdocs\ProjectGenesis\config\routing\router.php on line 694
[09-Nov-2025 01:23:31 UTC] PHP Warning:  Undefined variable $isAdminPage in E:\xampp\htdocs\ProjectGenesis\config\routing\router.php on line 694
[09-Nov-2025 01:23:32 UTC] PHP Warning:  Undefined variable $isAdminPage in E:\xampp\htdocs\ProjectGenesis\config\routing\router.php on line 694
[09-Nov-2025 01:23:33 UTC] PHP Warning:  Undefined variable $isAdminPage in E:\xampp\htdocs\ProjectGenesis\config\routing\router.php on line 694
[09-Nov-2025 01:23:34 UTC] PHP Warning:  Undefined variable $isAdminPage in E:\xampp\htdocs\ProjectGenesis\config\routing\router.php on line 694
[09-Nov-2025 01:29:18 UTC] PHP Warning:  Undefined variable $isAdminPage in E:\xampp\htdocs\ProjectGenesis\config\routing\router.php on line 694
[09-Nov-2025 01:29:48 UTC] PHP Warning:  Undefined variable $isAdminPage in E:\xampp\htdocs\ProjectGenesis\config\routing\router.php on line 694
[09-Nov-2025 01:30:04 UTC] PHP Warning:  Undefined variable $isAdminPage in E:\xampp\htdocs\ProjectGenesis\config\routing\router.php on line 694
[09-Nov-2025 01:30:46 UTC] PHP Warning:  Undefined variable $isAdminPage in E:\xampp\htdocs\ProjectGenesis\config\routing\router.php on line 694
[09-Nov-2025 01:35:02 UTC] PHP Warning:  Undefined variable $isAdminPage in E:\xampp\htdocs\ProjectGenesis\config\routing\router.php on line 694
[09-Nov-2025 01:35:03 UTC] PHP Warning:  Undefined variable $isAdminPage in E:\xampp\htdocs\ProjectGenesis\config\routing\router.php on line 694
[09-Nov-2025 01:36:45 UTC] PHP Warning:  Undefined variable $isAdminPage in E:\xampp\htdocs\ProjectGenesis\config\routing\router.php on line 694
[09-Nov-2025 01:36:53 UTC] PHP Warning:  Undefined variable $isAdminPage in E:\xampp\htdocs\ProjectGenesis\config\routing\router.php on line 694
[09-Nov-2025 01:37:03 UTC] PHP Warning:  Undefined variable $isAdminPage in E:\xampp\htdocs\ProjectGenesis\config\routing\router.php on line 694
[09-Nov-2025 01:46:04 UTC] PHP Warning:  Undefined variable $isAdminPage in E:\xampp\htdocs\ProjectGenesis\config\routing\router.php on line 694
[09-Nov-2025 01:49:25 UTC] PHP Warning:  Undefined variable $isAdminPage in E:\xampp\htdocs\ProjectGenesis\config\routing\router.php on line 694
[09-Nov-2025 01:49:43 UTC] PHP Warning:  Undefined variable $isAdminPage in E:\xampp\htdocs\ProjectGenesis\config\routing\router.php on line 694
[09-Nov-2025 01:50:32 UTC] PHP Warning:  Undefined variable $isAdminPage in E:\xampp\htdocs\ProjectGenesis\config\routing\router.php on line 694
[09-Nov-2025 01:50:42 UTC] PHP Warning:  Undefined variable $isAdminPage in E:\xampp\htdocs\ProjectGenesis\config\routing\router.php on line 694
[09-Nov-2025 01:50:47 UTC] PHP Warning:  Undefined variable $isAdminPage in E:\xampp\htdocs\ProjectGenesis\config\routing\router.php on line 694
[09-Nov-2025 03:22:43 UTC] PHP Warning:  Undefined variable $isAdminPage in E:\xampp\htdocs\ProjectGenesis\config\routing\router.php on line 694
[09-Nov-2025 03:28:42 UTC] PHP Warning:  Undefined variable $isAdminPage in E:\xampp\htdocs\ProjectGenesis\config\routing\router.php on line 694
[09-Nov-2025 03:29:30 UTC] PHP Warning:  Undefined variable $isAdminPage in E:\xampp\htdocs\ProjectGenesis\config\routing\router.php on line 694
[09-Nov-2025 03:35:20 UTC] PHP Warning:  Undefined variable $isAdminPage in E:\xampp\htdocs\ProjectGenesis\config\routing\router.php on line 694
[09-Nov-2025 03:36:37 UTC] PHP Warning:  Undefined variable $isAdminPage in E:\xampp\htdocs\ProjectGenesis\config\routing\router.php on line 694
[09-Nov-2025 03:45:31 UTC] PHP Warning:  Undefined variable $isAdminPage in E:\xampp\htdocs\ProjectGenesis\config\routing\router.php on line 694
[09-Nov-2025 03:51:41 UTC] PHP Warning:  Undefined variable $isAdminPage in E:\xampp\htdocs\ProjectGenesis\config\routing\router.php on line 694
[09-Nov-2025 03:52:57 UTC] PHP Warning:  Undefined variable $isAdminPage in E:\xampp\htdocs\ProjectGenesis\config\routing\router.php on line 694
[09-Nov-2025 03:52:58 UTC] PHP Warning:  Undefined variable $isAdminPage in E:\xampp\htdocs\ProjectGenesis\config\routing\router.php on line 694
[09-Nov-2025 03:52:59 UTC] PHP Warning:  Undefined variable $isAdminPage in E:\xampp\htdocs\ProjectGenesis\config\routing\router.php on line 694
[09-Nov-2025 03:54:01 UTC] PHP Warning:  Undefined variable $isAdminPage in E:\xampp\htdocs\ProjectGenesis\config\routing\router.php on line 694
[09-Nov-2025 03:55:29 UTC] PHP Warning:  Undefined variable $isAdminPage in E:\xampp\htdocs\ProjectGenesis\config\routing\router.php on line 694
[09-Nov-2025 03:58:29 UTC] PHP Warning:  Undefined variable $isAdminPage in E:\xampp\htdocs\ProjectGenesis\config\routing\router.php on line 694
[09-Nov-2025 04:08:50 UTC] PHP Warning:  Undefined variable $isAdminPage in E:\xampp\htdocs\ProjectGenesis\config\routing\router.php on line 694
[09-Nov-2025 04:08:52 UTC] PHP Warning:  Undefined variable $isAdminPage in E:\xampp\htdocs\ProjectGenesis\config\routing\router.php on line 694
[09-Nov-2025 04:11:34 UTC] PHP Warning:  Undefined variable $isAdminPage in E:\xampp\htdocs\ProjectGenesis\config\routing\router.php on line 694
[09-Nov-2025 04:17:44 UTC] PHP Warning:  Undefined variable $isAdminPage in E:\xampp\htdocs\ProjectGenesis\config\routing\router.php on line 694
[09-Nov-2025 04:22:26 UTC] PHP Warning:  Undefined variable $isAdminPage in E:\xampp\htdocs\ProjectGenesis\config\routing\router.php on line 694
[09-Nov-2025 04:24:04 UTC] PHP Warning:  Undefined variable $isAdminPage in E:\xampp\htdocs\ProjectGenesis\config\routing\router.php on line 694
[09-Nov-2025 04:24:30 UTC] PHP Warning:  Undefined variable $isAdminPage in E:\xampp\htdocs\ProjectGenesis\config\routing\router.php on line 694
[09-Nov-2025 04:24:31 UTC] PHP Warning:  Undefined variable $isAdminPage in E:\xampp\htdocs\ProjectGenesis\config\routing\router.php on line 694
[09-Nov-2025 04:24:58 UTC] PHP Warning:  Undefined variable $isAdminPage in E:\xampp\htdocs\ProjectGenesis\config\routing\router.php on line 694
[09-Nov-2025 04:25:09 UTC] PHP Warning:  Undefined variable $isAdminPage in E:\xampp\htdocs\ProjectGenesis\config\routing\router.php on line 694
[09-Nov-2025 04:25:22 UTC] PHP Warning:  Undefined variable $isAdminPage in E:\xampp\htdocs\ProjectGenesis\config\routing\router.php on line 694
[09-Nov-2025 04:25:49 UTC] PHP Warning:  Undefined variable $isAdminPage in E:\xampp\htdocs\ProjectGenesis\config\routing\router.php on line 694
[09-Nov-2025 04:26:33 UTC] PHP Warning:  Undefined variable $isAdminPage in E:\xampp\htdocs\ProjectGenesis\config\routing\router.php on line 694
[09-Nov-2025 04:28:35 UTC] PHP Warning:  Undefined variable $isAdminPage in E:\xampp\htdocs\ProjectGenesis\config\routing\router.php on line 694
[09-Nov-2025 04:28:45 UTC] PHP Warning:  Undefined variable $isAdminPage in E:\xampp\htdocs\ProjectGenesis\config\routing\router.php on line 694
[09-Nov-2025 04:31:17 UTC] PHP Warning:  Undefined variable $isAdminPage in E:\xampp\htdocs\ProjectGenesis\config\routing\router.php on line 694
[09-Nov-2025 04:32:29 UTC] PHP Warning:  Undefined variable $isAdminPage in E:\xampp\htdocs\ProjectGenesis\config\routing\router.php on line 694
[09-Nov-2025 04:32:36 UTC] PHP Warning:  Undefined variable $isAdminPage in E:\xampp\htdocs\ProjectGenesis\config\routing\router.php on line 694
[09-Nov-2025 04:34:38 UTC] PHP Warning:  Undefined variable $isAdminPage in E:\xampp\htdocs\ProjectGenesis\config\routing\router.php on line 694
[09-Nov-2025 04:35:11 UTC] PHP Warning:  Undefined variable $isAdminPage in E:\xampp\htdocs\ProjectGenesis\config\routing\router.php on line 694
[09-Nov-2025 04:36:08 UTC] PHP Warning:  Undefined variable $isAdminPage in E:\xampp\htdocs\ProjectGenesis\config\routing\router.php on line 694
[09-Nov-2025 04:36:13 UTC] PHP Warning:  Undefined variable $isAdminPage in E:\xampp\htdocs\ProjectGenesis\config\routing\router.php on line 694
[09-Nov-2025 04:42:57 UTC] PHP Warning:  Undefined variable $isAdminPage in E:\xampp\htdocs\ProjectGenesis\config\routing\router.php on line 694
[09-Nov-2025 04:47:25 UTC] PHP Warning:  Undefined variable $isAdminPage in E:\xampp\htdocs\ProjectGenesis\config\routing\router.php on line 694
[09-Nov-2025 04:47:37 UTC] PHP Warning:  Undefined variable $isAdminPage in E:\xampp\htdocs\ProjectGenesis\config\routing\router.php on line 694
[09-Nov-2025 04:48:24 UTC] PHP Warning:  Undefined variable $isAdminPage in E:\xampp\htdocs\ProjectGenesis\config\routing\router.php on line 694
[09-Nov-2025 04:50:20 UTC] PHP Warning:  Undefined variable $isAdminPage in E:\xampp\htdocs\ProjectGenesis\config\routing\router.php on line 694
[09-Nov-2025 04:50:24 UTC] PHP Warning:  Undefined variable $isAdminPage in E:\xampp\htdocs\ProjectGenesis\config\routing\router.php on line 694
[09-Nov-2025 05:16:01 UTC] PHP Warning:  Undefined variable $isAdminPage in E:\xampp\htdocs\ProjectGenesis\config\routing\router.php on line 694
[09-Nov-2025 05:16:30 UTC] PHP Warning:  Undefined variable $isAdminPage in E:\xampp\htdocs\ProjectGenesis\config\routing\router.php on line 694
[09-Nov-2025 05:16:32 UTC] PHP Warning:  Undefined variable $isAdminPage in E:\xampp\htdocs\ProjectGenesis\config\routing\router.php on line 694
[09-Nov-2025 05:16:36 UTC] PHP Warning:  Undefined variable $isAdminPage in E:\xampp\htdocs\ProjectGenesis\config\routing\router.php on line 694
[09-Nov-2025 05:16:39 UTC] PHP Warning:  Undefined variable $isAdminPage in E:\xampp\htdocs\ProjectGenesis\config\routing\router.php on line 694
[09-Nov-2025 05:16:46 UTC] PHP Warning:  session_set_cookie_params(): Session cookie parameters cannot be changed when a session is active in E:\xampp\htdocs\ProjectGenesis\api\auth_handler.php on line 107
[09-Nov-2025 05:16:47 UTC] PHP Warning:  Undefined variable $isAdminPage in E:\xampp\htdocs\ProjectGenesis\config\routing\router.php on line 694
[09-Nov-2025 05:16:57 UTC] PHP Warning:  Undefined variable $isAdminPage in E:\xampp\htdocs\ProjectGenesis\config\routing\router.php on line 694
[09-Nov-2025 05:17:09 UTC] PHP Warning:  Undefined variable $isAdminPage in E:\xampp\htdocs\ProjectGenesis\config\routing\router.php on line 694
[09-Nov-2025 05:17:10 UTC] PHP Warning:  Undefined variable $isAdminPage in E:\xampp\htdocs\ProjectGenesis\config\routing\router.php on line 694
[09-Nov-2025 05:17:37 UTC] PHP Warning:  Undefined variable $isAdminPage in E:\xampp\htdocs\ProjectGenesis\config\routing\router.php on line 694
[09-Nov-2025 05:17:45 UTC] PHP Warning:  Undefined variable $isAdminPage in E:\xampp\htdocs\ProjectGenesis\config\routing\router.php on line 694
[09-Nov-2025 05:17:47 UTC] PHP Warning:  Undefined variable $isAdminPage in E:\xampp\htdocs\ProjectGenesis\config\routing\router.php on line 694
[09-Nov-2025 05:19:37 UTC] PHP Warning:  Undefined variable $isAdminPage in E:\xampp\htdocs\ProjectGenesis\config\routing\router.php on line 694
[09-Nov-2025 05:19:42 UTC] PHP Warning:  Undefined variable $isAdminPage in E:\xampp\htdocs\ProjectGenesis\config\routing\router.php on line 694
[09-Nov-2025 05:19:45 UTC] PHP Warning:  Undefined variable $isAdminPage in E:\xampp\htdocs\ProjectGenesis\config\routing\router.php on line 694
[09-Nov-2025 05:21:13 UTC] PHP Warning:  Undefined variable $isAdminPage in E:\xampp\htdocs\ProjectGenesis\config\routing\router.php on line 694
[09-Nov-2025 05:21:15 UTC] PHP Warning:  Undefined variable $isAdminPage in E:\xampp\htdocs\ProjectGenesis\config\routing\router.php on line 694
[09-Nov-2025 05:21:17 UTC] PHP Warning:  Undefined variable $isAdminPage in E:\xampp\htdocs\ProjectGenesis\config\routing\router.php on line 694
[09-Nov-2025 05:21:22 UTC] PHP Warning:  Undefined variable $isAdminPage in E:\xampp\htdocs\ProjectGenesis\config\routing\router.php on line 694
[09-Nov-2025 05:21:27 UTC] PHP Warning:  Undefined variable $isAdminPage in E:\xampp\htdocs\ProjectGenesis\config\routing\router.php on line 694
[09-Nov-2025 05:21:29 UTC] PHP Warning:  Undefined variable $isAdminPage in E:\xampp\htdocs\ProjectGenesis\config\routing\router.php on line 694
[09-Nov-2025 05:21:30 UTC] PHP Warning:  Undefined variable $isAdminPage in E:\xampp\htdocs\ProjectGenesis\config\routing\router.php on line 694
[09-Nov-2025 05:21:32 UTC] PHP Warning:  Undefined variable $isAdminPage in E:\xampp\htdocs\ProjectGenesis\config\routing\router.php on line 694
[09-Nov-2025 05:21:36 UTC] PHP Warning:  Undefined variable $isAdminPage in E:\xampp\htdocs\ProjectGenesis\config\routing\router.php on line 694
[09-Nov-2025 05:21:41 UTC] PHP Warning:  Undefined variable $isAdminPage in E:\xampp\htdocs\ProjectGenesis\config\routing\router.php on line 694
[09-Nov-2025 05:21:43 UTC] PHP Warning:  Undefined variable $isAdminPage in E:\xampp\htdocs\ProjectGenesis\config\routing\router.php on line 694
[09-Nov-2025 05:21:46 UTC] PHP Warning:  Undefined variable $isAdminPage in E:\xampp\htdocs\ProjectGenesis\config\routing\router.php on line 694
[09-Nov-2025 05:21:46 UTC] PHP Warning:  Undefined variable $isAdminPage in E:\xampp\htdocs\ProjectGenesis\config\routing\router.php on line 694
[09-Nov-2025 05:21:48 UTC] PHP Warning:  Undefined variable $isAdminPage in E:\xampp\htdocs\ProjectGenesis\config\routing\router.php on line 694
[09-Nov-2025 05:27:23 UTC] PHP Warning:  Undefined variable $isAdminPage in E:\xampp\htdocs\ProjectGenesis\config\routing\router.php on line 694
[09-Nov-2025 05:27:27 UTC] PHP Warning:  Undefined variable $isAdminPage in E:\xampp\htdocs\ProjectGenesis\config\routing\router.php on line 694
[09-Nov-2025 05:27:33 UTC] PHP Warning:  Undefined variable $isAdminPage in E:\xampp\htdocs\ProjectGenesis\config\routing\router.php on line 694
[09-Nov-2025 05:27:35 UTC] PHP Warning:  Undefined variable $isAdminPage in E:\xampp\htdocs\ProjectGenesis\config\routing\router.php on line 694
[09-Nov-2025 05:27:41 UTC] PHP Warning:  Undefined variable $isAdminPage in E:\xampp\htdocs\ProjectGenesis\config\routing\router.php on line 694
[09-Nov-2025 05:27:47 UTC] PHP Warning:  Undefined variable $isAdminPage in E:\xampp\htdocs\ProjectGenesis\config\routing\router.php on line 694
[09-Nov-2025 05:28:08 UTC] PHP Warning:  Undefined variable $isAdminPage in E:\xampp\htdocs\ProjectGenesis\config\routing\router.php on line 694
[09-Nov-2025 05:28:28 UTC] PHP Warning:  Undefined variable $isAdminPage in E:\xampp\htdocs\ProjectGenesis\config\routing\router.php on line 694
[09-Nov-2025 05:28:30 UTC] PHP Warning:  Undefined variable $isAdminPage in E:\xampp\htdocs\ProjectGenesis\config\routing\router.php on line 694
[09-Nov-2025 05:28:33 UTC] PHP Warning:  Undefined variable $isAdminPage in E:\xampp\htdocs\ProjectGenesis\config\routing\router.php on line 694
[09-Nov-2025 05:28:39 UTC] PHP Warning:  Undefined variable $isAdminPage in E:\xampp\htdocs\ProjectGenesis\config\routing\router.php on line 694
[09-Nov-2025 05:28:41 UTC] PHP Warning:  Undefined variable $isAdminPage in E:\xampp\htdocs\ProjectGenesis\config\routing\router.php on line 694
[09-Nov-2025 05:28:42 UTC] PHP Warning:  Undefined variable $isAdminPage in E:\xampp\htdocs\ProjectGenesis\config\routing\router.php on line 694
[09-Nov-2025 05:30:02 UTC] PHP Warning:  Undefined variable $isAdminPage in E:\xampp\htdocs\ProjectGenesis\config\routing\router.php on line 694
[09-Nov-2025 05:30:04 UTC] PHP Warning:  Undefined variable $isAdminPage in E:\xampp\htdocs\ProjectGenesis\config\routing\router.php on line 694
[09-Nov-2025 05:30:07 UTC] PHP Warning:  Undefined variable $isAdminPage in E:\xampp\htdocs\ProjectGenesis\config\routing\router.php on line 694
[09-Nov-2025 05:30:09 UTC] PHP Warning:  Undefined variable $isAdminPage in E:\xampp\htdocs\ProjectGenesis\config\routing\router.php on line 694
[09-Nov-2025 05:30:09 UTC] PHP Warning:  Undefined variable $isAdminPage in E:\xampp\htdocs\ProjectGenesis\config\routing\router.php on line 694
[09-Nov-2025 05:30:10 UTC] PHP Warning:  Undefined variable $isAdminPage in E:\xampp\htdocs\ProjectGenesis\config\routing\router.php on line 694
[09-Nov-2025 05:30:12 UTC] PHP Warning:  Undefined variable $isAdminPage in E:\xampp\htdocs\ProjectGenesis\config\routing\router.php on line 694
[09-Nov-2025 05:30:21 UTC] PHP Warning:  Undefined variable $isAdminPage in E:\xampp\htdocs\ProjectGenesis\config\routing\router.php on line 694
[09-Nov-2025 05:30:30 UTC] PHP Warning:  Undefined variable $isAdminPage in E:\xampp\htdocs\ProjectGenesis\config\routing\router.php on line 694
[09-Nov-2025 05:30:34 UTC] PHP Warning:  Undefined variable $isAdminPage in E:\xampp\htdocs\ProjectGenesis\config\routing\router.php on line 694
[09-Nov-2025 05:30:36 UTC] PHP Warning:  Undefined variable $isAdminPage in E:\xampp\htdocs\ProjectGenesis\config\routing\router.php on line 694
[09-Nov-2025 05:30:43 UTC] PHP Warning:  session_set_cookie_params(): Session cookie parameters cannot be changed when a session is active in E:\xampp\htdocs\ProjectGenesis\api\auth_handler.php on line 107
[09-Nov-2025 05:30:43 UTC] PHP Warning:  Undefined variable $isAdminPage in E:\xampp\htdocs\ProjectGenesis\config\routing\router.php on line 694
[09-Nov-2025 05:30:46 UTC] PHP Warning:  Undefined variable $isAdminPage in E:\xampp\htdocs\ProjectGenesis\config\routing\router.php on line 694
[09-Nov-2025 05:30:56 UTC] PHP Warning:  Undefined variable $isAdminPage in E:\xampp\htdocs\ProjectGenesis\config\routing\router.php on line 694
[09-Nov-2025 05:31:16 UTC] PHP Warning:  Undefined variable $isAdminPage in E:\xampp\htdocs\ProjectGenesis\config\routing\router.php on line 694
[09-Nov-2025 05:31:18 UTC] PHP Warning:  Undefined variable $isAdminPage in E:\xampp\htdocs\ProjectGenesis\config\routing\router.php on line 694
[09-Nov-2025 05:31:38 UTC] PHP Warning:  Undefined variable $isAdminPage in E:\xampp\htdocs\ProjectGenesis\config\routing\router.php on line 694
[09-Nov-2025 05:31:44 UTC] PHP Warning:  Undefined variable $isAdminPage in E:\xampp\htdocs\ProjectGenesis\config\routing\router.php on line 694
[09-Nov-2025 05:32:00 UTC] PHP Warning:  Undefined variable $isAdminPage in E:\xampp\htdocs\ProjectGenesis\config\routing\router.php on line 694
[09-Nov-2025 05:32:02 UTC] PHP Warning:  Undefined variable $isAdminPage in E:\xampp\htdocs\ProjectGenesis\config\routing\router.php on line 694
[09-Nov-2025 05:32:02 UTC] PHP Warning:  Undefined variable $isAdminPage in E:\xampp\htdocs\ProjectGenesis\config\routing\router.php on line 694
[09-Nov-2025 05:32:04 UTC] PHP Warning:  Undefined variable $isAdminPage in E:\xampp\htdocs\ProjectGenesis\config\routing\router.php on line 694
[09-Nov-2025 05:32:04 UTC] PHP Warning:  Undefined variable $isAdminPage in E:\xampp\htdocs\ProjectGenesis\config\routing\router.php on line 694
[09-Nov-2025 05:32:04 UTC] PHP Warning:  Undefined variable $isAdminPage in E:\xampp\htdocs\ProjectGenesis\config\routing\router.php on line 694
[09-Nov-2025 05:32:05 UTC] PHP Warning:  Undefined variable $isAdminPage in E:\xampp\htdocs\ProjectGenesis\config\routing\router.php on line 694
[09-Nov-2025 05:32:05 UTC] PHP Warning:  Undefined variable $isAdminPage in E:\xampp\htdocs\ProjectGenesis\config\routing\router.php on line 694
[09-Nov-2025 05:32:06 UTC] PHP Warning:  Undefined variable $isAdminPage in E:\xampp\htdocs\ProjectGenesis\config\routing\router.php on line 694
[09-Nov-2025 05:32:07 UTC] PHP Warning:  Undefined variable $isAdminPage in E:\xampp\htdocs\ProjectGenesis\config\routing\router.php on line 694
[09-Nov-2025 05:32:08 UTC] PHP Warning:  Undefined variable $isAdminPage in E:\xampp\htdocs\ProjectGenesis\config\routing\router.php on line 694
[09-Nov-2025 05:32:09 UTC] PHP Warning:  Undefined variable $isAdminPage in E:\xampp\htdocs\ProjectGenesis\config\routing\router.php on line 694
[09-Nov-2025 05:32:09 UTC] PHP Warning:  Undefined variable $isAdminPage in E:\xampp\htdocs\ProjectGenesis\config\routing\router.php on line 694
[09-Nov-2025 05:32:09 UTC] PHP Warning:  Undefined variable $isAdminPage in E:\xampp\htdocs\ProjectGenesis\config\routing\router.php on line 694
[09-Nov-2025 05:32:10 UTC] PHP Warning:  Undefined variable $isAdminPage in E:\xampp\htdocs\ProjectGenesis\config\routing\router.php on line 694
[09-Nov-2025 05:32:10 UTC] PHP Warning:  Undefined variable $isAdminPage in E:\xampp\htdocs\ProjectGenesis\config\routing\router.php on line 694
[09-Nov-2025 05:32:10 UTC] PHP Warning:  Undefined variable $isAdminPage in E:\xampp\htdocs\ProjectGenesis\config\routing\router.php on line 694
[09-Nov-2025 05:32:10 UTC] PHP Warning:  Undefined variable $isAdminPage in E:\xampp\htdocs\ProjectGenesis\config\routing\router.php on line 694
[09-Nov-2025 05:32:11 UTC] PHP Warning:  Undefined variable $isAdminPage in E:\xampp\htdocs\ProjectGenesis\config\routing\router.php on line 694
[09-Nov-2025 05:33:06 UTC] PHP Warning:  Undefined variable $isAdminPage in E:\xampp\htdocs\ProjectGenesis\config\routing\router.php on line 694
[09-Nov-2025 05:33:06 UTC] PHP Warning:  Undefined variable $isAdminPage in E:\xampp\htdocs\ProjectGenesis\config\routing\router.php on line 694
[09-Nov-2025 05:33:07 UTC] PHP Warning:  Undefined variable $isAdminPage in E:\xampp\htdocs\ProjectGenesis\config\routing\router.php on line 694
[09-Nov-2025 05:33:07 UTC] PHP Warning:  Undefined variable $isAdminPage in E:\xampp\htdocs\ProjectGenesis\config\routing\router.php on line 694
[09-Nov-2025 05:33:20 UTC] PHP Warning:  Undefined variable $isAdminPage in E:\xampp\htdocs\ProjectGenesis\config\routing\router.php on line 694
[09-Nov-2025 05:34:15 UTC] PHP Warning:  Undefined variable $isAdminPage in E:\xampp\htdocs\ProjectGenesis\config\routing\router.php on line 694
[09-Nov-2025 05:34:16 UTC] PHP Warning:  Undefined variable $isAdminPage in E:\xampp\htdocs\ProjectGenesis\config\routing\router.php on line 694
[09-Nov-2025 05:34:18 UTC] PHP Warning:  Undefined variable $isAdminPage in E:\xampp\htdocs\ProjectGenesis\config\routing\router.php on line 694
[09-Nov-2025 05:34:18 UTC] PHP Warning:  Undefined variable $isAdminPage in E:\xampp\htdocs\ProjectGenesis\config\routing\router.php on line 694
[09-Nov-2025 05:34:18 UTC] PHP Warning:  Undefined variable $isAdminPage in E:\xampp\htdocs\ProjectGenesis\config\routing\router.php on line 694
[09-Nov-2025 05:34:19 UTC] PHP Warning:  Undefined variable $isAdminPage in E:\xampp\htdocs\ProjectGenesis\config\routing\router.php on line 694
[09-Nov-2025 05:34:19 UTC] PHP Warning:  Undefined variable $isAdminPage in E:\xampp\htdocs\ProjectGenesis\config\routing\router.php on line 694
[09-Nov-2025 05:34:19 UTC] PHP Warning:  Undefined variable $isAdminPage in E:\xampp\htdocs\ProjectGenesis\config\routing\router.php on line 694
[09-Nov-2025 05:34:19 UTC] PHP Warning:  Undefined variable $isAdminPage in E:\xampp\htdocs\ProjectGenesis\config\routing\router.php on line 694
[09-Nov-2025 05:34:20 UTC] PHP Warning:  Undefined variable $isAdminPage in E:\xampp\htdocs\ProjectGenesis\config\routing\router.php on line 694
[09-Nov-2025 05:34:20 UTC] PHP Warning:  Undefined variable $isAdminPage in E:\xampp\htdocs\ProjectGenesis\config\routing\router.php on line 694
[09-Nov-2025 05:34:20 UTC] PHP Warning:  Undefined variable $isAdminPage in E:\xampp\htdocs\ProjectGenesis\config\routing\router.php on line 694
[09-Nov-2025 05:34:20 UTC] PHP Warning:  Undefined variable $isAdminPage in E:\xampp\htdocs\ProjectGenesis\config\routing\router.php on line 694
[09-Nov-2025 05:34:20 UTC] PHP Warning:  Undefined variable $isAdminPage in E:\xampp\htdocs\ProjectGenesis\config\routing\router.php on line 694
[09-Nov-2025 05:34:21 UTC] PHP Warning:  Undefined variable $isAdminPage in E:\xampp\htdocs\ProjectGenesis\config\routing\router.php on line 694
[09-Nov-2025 05:34:21 UTC] PHP Warning:  Undefined variable $isAdminPage in E:\xampp\htdocs\ProjectGenesis\config\routing\router.php on line 694
[09-Nov-2025 05:34:22 UTC] PHP Warning:  Undefined variable $isAdminPage in E:\xampp\htdocs\ProjectGenesis\config\routing\router.php on line 694
[09-Nov-2025 05:34:22 UTC] PHP Warning:  Undefined variable $isAdminPage in E:\xampp\htdocs\ProjectGenesis\config\routing\router.php on line 694
[09-Nov-2025 05:34:23 UTC] PHP Warning:  Undefined variable $isAdminPage in E:\xampp\htdocs\ProjectGenesis\config\routing\router.php on line 694
[09-Nov-2025 05:34:23 UTC] PHP Warning:  Undefined variable $isAdminPage in E:\xampp\htdocs\ProjectGenesis\config\routing\router.php on line 694
[09-Nov-2025 05:34:23 UTC] PHP Warning:  Undefined variable $isAdminPage in E:\xampp\htdocs\ProjectGenesis\config\routing\router.php on line 694
[09-Nov-2025 05:39:25 UTC] PHP Warning:  Undefined variable $isAdminPage in E:\xampp\htdocs\ProjectGenesis\config\routing\router.php on line 694
[09-Nov-2025 05:39:27 UTC] PHP Warning:  Undefined variable $isAdminPage in E:\xampp\htdocs\ProjectGenesis\config\routing\router.php on line 694
[09-Nov-2025 05:39:28 UTC] PHP Warning:  Undefined variable $isAdminPage in E:\xampp\htdocs\ProjectGenesis\config\routing\router.php on line 694
[09-Nov-2025 05:39:28 UTC] PHP Warning:  Undefined variable $isAdminPage in E:\xampp\htdocs\ProjectGenesis\config\routing\router.php on line 694
[09-Nov-2025 05:39:28 UTC] PHP Warning:  Undefined variable $isAdminPage in E:\xampp\htdocs\ProjectGenesis\config\routing\router.php on line 694
[09-Nov-2025 05:39:29 UTC] PHP Warning:  Undefined variable $isAdminPage in E:\xampp\htdocs\ProjectGenesis\config\routing\router.php on line 694
[09-Nov-2025 05:39:31 UTC] PHP Warning:  Undefined variable $isAdminPage in E:\xampp\htdocs\ProjectGenesis\config\routing\router.php on line 694
[09-Nov-2025 05:39:32 UTC] PHP Warning:  Undefined variable $isAdminPage in E:\xampp\htdocs\ProjectGenesis\config\routing\router.php on line 694
[09-Nov-2025 05:50:15 UTC] PHP Warning:  Undefined variable $isAdminPage in E:\xampp\htdocs\ProjectGenesis\config\routing\router.php on line 694
[09-Nov-2025 05:50:24 UTC] PHP Warning:  Undefined variable $isAdminPage in E:\xampp\htdocs\ProjectGenesis\config\routing\router.php on line 694
[09-Nov-2025 05:50:27 UTC] PHP Warning:  Undefined variable $isAdminPage in E:\xampp\htdocs\ProjectGenesis\config\routing\router.php on line 694
[09-Nov-2025 05:51:53 UTC] PHP Warning:  Undefined variable $isAdminPage in E:\xampp\htdocs\ProjectGenesis\config\routing\router.php on line 694
[09-Nov-2025 05:52:02 UTC] PHP Warning:  Undefined variable $isAdminPage in E:\xampp\htdocs\ProjectGenesis\config\routing\router.php on line 694
[09-Nov-2025 05:52:12 UTC] PHP Warning:  Undefined variable $isAdminPage in E:\xampp\htdocs\ProjectGenesis\config\routing\router.php on line 694
[09-Nov-2025 05:52:19 UTC] PHP Warning:  Undefined variable $isAdminPage in E:\xampp\htdocs\ProjectGenesis\config\routing\router.php on line 694
[09-Nov-2025 05:53:12 UTC] PHP Warning:  Undefined variable $isAdminPage in E:\xampp\htdocs\ProjectGenesis\config\routing\router.php on line 694
[09-Nov-2025 05:53:37 UTC] PHP Warning:  Undefined variable $isAdminPage in E:\xampp\htdocs\ProjectGenesis\config\routing\router.php on line 694
[09-Nov-2025 05:53:41 UTC] PHP Warning:  Undefined variable $isAdminPage in E:\xampp\htdocs\ProjectGenesis\config\routing\router.php on line 694
[09-Nov-2025 05:53:51 UTC] PHP Warning:  Undefined variable $isAdminPage in E:\xampp\htdocs\ProjectGenesis\config\routing\router.php on line 694
[09-Nov-2025 06:02:37 UTC] PHP Warning:  Undefined variable $isAdminPage in E:\xampp\htdocs\ProjectGenesis\config\routing\router.php on line 694
[09-Nov-2025 06:03:02 UTC] PHP Warning:  Undefined variable $isAdminPage in E:\xampp\htdocs\ProjectGenesis\config\routing\router.php on line 694
[09-Nov-2025 06:04:48 UTC] PHP Warning:  Undefined variable $isAdminPage in E:\xampp\htdocs\ProjectGenesis\config\routing\router.php on line 694
[09-Nov-2025 06:05:42 UTC] PHP Warning:  Undefined variable $isAdminPage in E:\xampp\htdocs\ProjectGenesis\config\routing\router.php on line 694
[09-Nov-2025 06:07:33 UTC] PHP Warning:  Undefined variable $isAdminPage in E:\xampp\htdocs\ProjectGenesis\config\routing\router.php on line 694
[09-Nov-2025 06:13:54 UTC] PHP Warning:  Undefined variable $isAdminPage in E:\xampp\htdocs\ProjectGenesis\config\routing\router.php on line 694
[09-Nov-2025 06:17:06 UTC] PHP Warning:  Undefined variable $isAdminPage in E:\xampp\htdocs\ProjectGenesis\config\routing\router.php on line 694
[09-Nov-2025 06:18:24 UTC] PHP Warning:  Undefined variable $isAdminPage in E:\xampp\htdocs\ProjectGenesis\config\routing\router.php on line 694
[09-Nov-2025 06:19:24 UTC] PHP Warning:  Undefined variable $isAdminPage in E:\xampp\htdocs\ProjectGenesis\config\routing\router.php on line 694
[09-Nov-2025 06:20:33 UTC] PHP Warning:  Undefined variable $isAdminPage in E:\xampp\htdocs\ProjectGenesis\config\routing\router.php on line 694
[09-Nov-2025 06:20:50 UTC] PHP Warning:  Undefined variable $isAdminPage in E:\xampp\htdocs\ProjectGenesis\config\routing\router.php on line 694
[09-Nov-2025 06:21:03 UTC] PHP Warning:  Undefined variable $isAdminPage in E:\xampp\htdocs\ProjectGenesis\config\routing\router.php on line 694
[09-Nov-2025 06:21:55 UTC] PHP Warning:  Undefined variable $isAdminPage in E:\xampp\htdocs\ProjectGenesis\config\routing\router.php on line 694
[09-Nov-2025 06:22:02 UTC] PHP Warning:  Undefined variable $isAdminPage in E:\xampp\htdocs\ProjectGenesis\config\routing\router.php on line 694
[09-Nov-2025 06:22:08 UTC] PHP Warning:  Undefined variable $isAdminPage in E:\xampp\htdocs\ProjectGenesis\config\routing\router.php on line 694
[09-Nov-2025 06:22:10 UTC] PHP Warning:  Undefined variable $isAdminPage in E:\xampp\htdocs\ProjectGenesis\config\routing\router.php on line 694
[09-Nov-2025 06:22:11 UTC] PHP Warning:  Undefined variable $isAdminPage in E:\xampp\htdocs\ProjectGenesis\config\routing\router.php on line 694
[09-Nov-2025 06:22:25 UTC] PHP Warning:  Undefined variable $isAdminPage in E:\xampp\htdocs\ProjectGenesis\config\routing\router.php on line 694
[09-Nov-2025 06:22:45 UTC] PHP Warning:  Undefined variable $isAdminPage in E:\xampp\htdocs\ProjectGenesis\config\routing\router.php on line 694
[09-Nov-2025 06:22:48 UTC] PHP Warning:  Undefined variable $isAdminPage in E:\xampp\htdocs\ProjectGenesis\config\routing\router.php on line 694
[09-Nov-2025 06:22:54 UTC] PHP Warning:  Undefined variable $isAdminPage in E:\xampp\htdocs\ProjectGenesis\config\routing\router.php on line 694
[09-Nov-2025 06:23:17 UTC] PHP Warning:  Undefined variable $isAdminPage in E:\xampp\htdocs\ProjectGenesis\config\routing\router.php on line 694
[09-Nov-2025 06:23:31 UTC] PHP Warning:  Undefined variable $isAdminPage in E:\xampp\htdocs\ProjectGenesis\config\routing\router.php on line 694
[09-Nov-2025 06:23:41 UTC] PHP Warning:  Undefined variable $isAdminPage in E:\xampp\htdocs\ProjectGenesis\config\routing\router.php on line 694
[09-Nov-2025 06:23:49 UTC] PHP Warning:  Undefined variable $isAdminPage in E:\xampp\htdocs\ProjectGenesis\config\routing\router.php on line 694
[09-Nov-2025 06:24:20 UTC] PHP Warning:  Undefined variable $isAdminPage in E:\xampp\htdocs\ProjectGenesis\config\routing\router.php on line 694
[09-Nov-2025 06:24:22 UTC] PHP Warning:  Undefined variable $isAdminPage in E:\xampp\htdocs\ProjectGenesis\config\routing\router.php on line 694
[09-Nov-2025 06:24:33 UTC] PHP Warning:  Undefined variable $isAdminPage in E:\xampp\htdocs\ProjectGenesis\config\routing\router.php on line 694
[09-Nov-2025 06:25:00 UTC] PHP Warning:  Undefined variable $isAdminPage in E:\xampp\htdocs\ProjectGenesis\config\routing\router.php on line 694
[09-Nov-2025 06:26:12 UTC] PHP Warning:  Undefined variable $isAdminPage in E:\xampp\htdocs\ProjectGenesis\config\routing\router.php on line 694
[09-Nov-2025 06:26:29 UTC] PHP Warning:  Undefined variable $isAdminPage in E:\xampp\htdocs\ProjectGenesis\config\routing\router.php on line 694
[09-Nov-2025 06:26:32 UTC] PHP Warning:  Undefined variable $isAdminPage in E:\xampp\htdocs\ProjectGenesis\config\routing\router.php on line 694
[09-Nov-2025 06:26:47 UTC] PHP Warning:  Undefined variable $isAdminPage in E:\xampp\htdocs\ProjectGenesis\config\routing\router.php on line 694
[09-Nov-2025 06:26:58 UTC] PHP Warning:  Undefined variable $isAdminPage in E:\xampp\htdocs\ProjectGenesis\config\routing\router.php on line 694
[09-Nov-2025 06:27:21 UTC] PHP Warning:  Undefined variable $isAdminPage in E:\xampp\htdocs\ProjectGenesis\config\routing\router.php on line 694
[09-Nov-2025 06:27:58 UTC] PHP Warning:  Undefined variable $isAdminPage in E:\xampp\htdocs\ProjectGenesis\config\routing\router.php on line 694
[09-Nov-2025 06:28:03 UTC] PHP Warning:  Undefined variable $isAdminPage in E:\xampp\htdocs\ProjectGenesis\config\routing\router.php on line 694
[09-Nov-2025 06:28:19 UTC] PHP Warning:  Undefined variable $isAdminPage in E:\xampp\htdocs\ProjectGenesis\config\routing\router.php on line 694
[09-Nov-2025 06:30:08 UTC] PHP Warning:  Undefined variable $isAdminPage in E:\xampp\htdocs\ProjectGenesis\config\routing\router.php on line 694
[09-Nov-2025 06:30:22 UTC] PHP Warning:  Undefined variable $isAdminPage in E:\xampp\htdocs\ProjectGenesis\config\routing\router.php on line 694
[09-Nov-2025 06:34:12 UTC] PHP Warning:  Undefined variable $isAdminPage in E:\xampp\htdocs\ProjectGenesis\config\routing\router.php on line 694
[09-Nov-2025 06:34:22 UTC] PHP Warning:  Undefined variable $isAdminPage in E:\xampp\htdocs\ProjectGenesis\config\routing\router.php on line 694
[09-Nov-2025 06:35:25 UTC] PHP Warning:  Undefined variable $isAdminPage in E:\xampp\htdocs\ProjectGenesis\config\routing\router.php on line 694
[09-Nov-2025 06:37:39 UTC] PHP Warning:  Undefined variable $isAdminPage in E:\xampp\htdocs\ProjectGenesis\config\routing\router.php on line 694
[09-Nov-2025 06:37:43 UTC] PHP Warning:  Undefined variable $isAdminPage in E:\xampp\htdocs\ProjectGenesis\config\routing\router.php on line 694
[09-Nov-2025 06:38:01 UTC] PHP Warning:  Undefined variable $isAdminPage in E:\xampp\htdocs\ProjectGenesis\config\routing\router.php on line 694
[09-Nov-2025 06:38:42 UTC] PHP Warning:  Undefined variable $isAdminPage in E:\xampp\htdocs\ProjectGenesis\config\routing\router.php on line 694
[09-Nov-2025 06:38:58 UTC] PHP Warning:  Undefined variable $isAdminPage in E:\xampp\htdocs\ProjectGenesis\config\routing\router.php on line 694
[09-Nov-2025 06:42:12 UTC] PHP Warning:  Undefined variable $isAdminPage in E:\xampp\htdocs\ProjectGenesis\config\routing\router.php on line 694
[09-Nov-2025 06:42:15 UTC] PHP Warning:  Undefined variable $isAdminPage in E:\xampp\htdocs\ProjectGenesis\config\routing\router.php on line 694
[09-Nov-2025 06:42:28 UTC] PHP Warning:  Undefined variable $isAdminPage in E:\xampp\htdocs\ProjectGenesis\config\routing\router.php on line 694
[09-Nov-2025 06:42:40 UTC] PHP Warning:  Undefined variable $isAdminPage in E:\xampp\htdocs\ProjectGenesis\config\routing\router.php on line 694
[09-Nov-2025 06:42:43 UTC] PHP Warning:  Undefined variable $isAdminPage in E:\xampp\htdocs\ProjectGenesis\config\routing\router.php on line 694
[09-Nov-2025 06:42:44 UTC] PHP Warning:  Undefined variable $isAdminPage in E:\xampp\htdocs\ProjectGenesis\config\routing\router.php on line 694
[09-Nov-2025 06:49:45 UTC] PHP Warning:  Undefined variable $isAdminPage in E:\xampp\htdocs\ProjectGenesis\config\routing\router.php on line 694
[09-Nov-2025 06:49:57 UTC] PHP Warning:  Undefined variable $isAdminPage in E:\xampp\htdocs\ProjectGenesis\config\routing\router.php on line 694
[09-Nov-2025 06:53:28 UTC] PHP Warning:  Undefined variable $isAdminPage in E:\xampp\htdocs\ProjectGenesis\config\routing\router.php on line 694
[09-Nov-2025 06:53:31 UTC] PHP Warning:  Undefined variable $isAdminPage in E:\xampp\htdocs\ProjectGenesis\config\routing\router.php on line 694
[09-Nov-2025 06:53:43 UTC] PHP Warning:  Undefined variable $isAdminPage in E:\xampp\htdocs\ProjectGenesis\config\routing\router.php on line 694
[09-Nov-2025 06:54:07 UTC] PHP Warning:  Undefined variable $isAdminPage in E:\xampp\htdocs\ProjectGenesis\config\routing\router.php on line 694
[09-Nov-2025 06:54:08 UTC] PHP Warning:  Undefined variable $isAdminPage in E:\xampp\htdocs\ProjectGenesis\config\routing\router.php on line 694
[09-Nov-2025 06:54:18 UTC] PHP Warning:  Undefined variable $isAdminPage in E:\xampp\htdocs\ProjectGenesis\config\routing\router.php on line 694
[09-Nov-2025 06:59:27 UTC] PHP Warning:  Undefined variable $isAdminPage in E:\xampp\htdocs\ProjectGenesis\config\routing\router.php on line 694
[09-Nov-2025 07:00:09 UTC] PHP Warning:  Undefined variable $isAdminPage in E:\xampp\htdocs\ProjectGenesis\config\routing\router.php on line 694
[09-Nov-2025 07:00:14 UTC] PHP Warning:  Undefined variable $isAdminPage in E:\xampp\htdocs\ProjectGenesis\config\routing\router.php on line 694
[09-Nov-2025 07:00:18 UTC] PHP Warning:  Undefined variable $isAdminPage in E:\xampp\htdocs\ProjectGenesis\config\routing\router.php on line 694
[09-Nov-2025 07:00:19 UTC] PHP Warning:  Undefined variable $isAdminPage in E:\xampp\htdocs\ProjectGenesis\config\routing\router.php on line 694
[09-Nov-2025 07:02:05 UTC] PHP Warning:  Undefined variable $isAdminPage in E:\xampp\htdocs\ProjectGenesis\config\routing\router.php on line 694
[09-Nov-2025 07:02:07 UTC] PHP Warning:  Undefined variable $isAdminPage in E:\xampp\htdocs\ProjectGenesis\config\routing\router.php on line 694
[09-Nov-2025 07:02:24 UTC] PHP Warning:  Undefined variable $isAdminPage in E:\xampp\htdocs\ProjectGenesis\config\routing\router.php on line 694
[09-Nov-2025 07:03:13 UTC] PHP Warning:  Undefined variable $isAdminPage in E:\xampp\htdocs\ProjectGenesis\config\routing\router.php on line 694
[09-Nov-2025 07:03:20 UTC] PHP Warning:  Undefined variable $isAdminPage in E:\xampp\htdocs\ProjectGenesis\config\routing\router.php on line 694
[09-Nov-2025 07:03:55 UTC] PHP Warning:  Undefined variable $isAdminPage in E:\xampp\htdocs\ProjectGenesis\config\routing\router.php on line 694
[09-Nov-2025 16:10:35 UTC] PHP Warning:  Undefined variable $isAdminPage in E:\xampp\htdocs\ProjectGenesis\config\routing\router.php on line 694
[09-Nov-2025 16:17:58 UTC] PHP Warning:  Undefined variable $isAdminPage in E:\xampp\htdocs\ProjectGenesis\config\routing\router.php on line 694
[09-Nov-2025 16:18:03 UTC] PHP Warning:  Undefined variable $isAdminPage in E:\xampp\htdocs\ProjectGenesis\config\routing\router.php on line 694
[09-Nov-2025 16:18:12 UTC] PHP Warning:  Undefined variable $isAdminPage in E:\xampp\htdocs\ProjectGenesis\config\routing\router.php on line 694
[09-Nov-2025 16:18:17 UTC] PHP Warning:  session_set_cookie_params(): Session cookie parameters cannot be changed when a session is active in E:\xampp\htdocs\ProjectGenesis\api\auth_handler.php on line 540
[09-Nov-2025 16:18:20 UTC] PHP Warning:  Undefined variable $isAdminPage in E:\xampp\htdocs\ProjectGenesis\config\routing\router.php on line 694
[09-Nov-2025 16:18:46 UTC] PHP Warning:  Undefined variable $isAdminPage in E:\xampp\htdocs\ProjectGenesis\config\routing\router.php on line 694
[09-Nov-2025 16:23:59 UTC] PHP Warning:  Undefined variable $isAdminPage in E:\xampp\htdocs\ProjectGenesis\config\routing\router.php on line 694
[09-Nov-2025 16:25:38 UTC] PHP Warning:  Undefined variable $isAdminPage in E:\xampp\htdocs\ProjectGenesis\config\routing\router.php on line 694
[09-Nov-2025 16:28:52 UTC] PHP Warning:  Undefined variable $isAdminPage in E:\xampp\htdocs\ProjectGenesis\config\routing\router.php on line 694
[09-Nov-2025 16:31:30 UTC] PHP Warning:  Undefined variable $isAdminPage in E:\xampp\htdocs\ProjectGenesis\config\routing\router.php on line 694
[09-Nov-2025 16:31:33 UTC] PHP Warning:  Undefined variable $isAdminPage in E:\xampp\htdocs\ProjectGenesis\config\routing\router.php on line 694
